00:00:00.00| INFO: START DOCKING /home/svensken/octathorp/patchdock/1WM1bot.pdb with /home/svensken/octathorp/patchdock/3B12cap.pdb
00:00:00.00| INFO: Start reading PDB and MS for receptor molecule
00:00:01.44| INFO: ASA of the molecule = 2377.36
00:00:01.44| INFO: Chem molecule: 1624 atoms were read
00:00:01.45| INFO: Hydrogen molecule: 1624 atoms were read
00:00:01.63| INFO: Surface: 71267 surface points were read
00:00:01.63| INFO: Start reading PDB and MS for ligand molecule
00:00:02.24| INFO: ASA of the molecule = 1728.06
00:00:02.24| INFO: Chem molecule: 716 atoms were read
00:00:02.24| INFO: Hydrogen molecule: 716 atoms were read
00:00:02.36| INFO: Surface: 47790 surface points were read
00:00:02.40| INFO: Start building docking surface for receptor molecule
00:00:02.40| INFO: Start building molecule grid and distance function
00:00:05.73| INFO: Start calculating Volume function and Normals for surface points
00:00:05.82| INFO: Shuo surface size = 3574
00:00:06.01| INFO: 3000sp processed
00:00:06.19| INFO: Start calculating Active Site patches
00:00:06.21| INFO: Running segmentation for KNB
00:00:06.44| INFO: Running segmentation for FLT
00:00:06.46| INFO: Running segmentation for HLE
00:00:07.15| INFO: Final # of patches: 40
00:00:07.15| INFO: Final # of patches: 20
00:00:07.15| INFO: Start calculating Geodesical distances
00:00:07.15| INFO: Start building docking surface for ligand molecule
00:00:07.15| INFO: Start building molecule grid and distance function
00:00:09.05| INFO: Start calculating Volume function and Normals for surface points
00:00:09.11| INFO: Shuo surface size = 2288
00:00:09.35| INFO: Start calculating Active Site patches
00:00:09.36| INFO: Running segmentation for KNB
00:00:09.39| INFO: Running segmentation for FLT
00:00:09.42| INFO: Running segmentation for HLE
00:00:09.68| INFO: Final # of patches: 23
00:00:09.68| INFO: Final # of patches: 13
00:00:09.68| INFO: Start calculating Geodesical distances
00:00:09.68| INFO: Start docking
00:00:09.68| INFO: Initializing cluster parameters
00:00:09.68| INFO: Building scoring trees
00:00:09.80| INFO: Running distance constrained matching algorithm
00:00:09.80| INFO: Initializing Matching Data Structure
00:00:09.80| INFO: DCDocking: matchType_ 2
00:00:09.81| INFO: Initializing cluster parameters
00:00:09.81| INFO: Start Preprocessing
00:00:09.85| INFO: Start Docking hole-knob patches
00:00:09.94| INFO: Prossesing patch # 1 out of 20
00:00:09.94| INFO: Start checking distance constraints 25626 transforms
00:00:09.96| INFO: Start clustering 25626 transforms
00:00:10.05| INFO: Clustered transforms size: 537
00:00:10.09| INFO: Filtered transforms size: 346
00:00:10.09| INFO: Backbone filtered transforms size: 319
00:00:10.09| INFO: RMSD Clustered transforms size: 279
00:00:10.46| INFO: Scored transforms size: 198
00:00:10.56| INFO: Prossesing patch # 2 out of 20
00:00:10.56| INFO: Start checking distance constraints 5780 transforms
00:00:10.56| INFO: Start clustering 5780 transforms
00:00:10.57| INFO: Clustered transforms size: 124
00:00:10.59| INFO: Filtered transforms size: 35
00:00:10.59| INFO: Backbone filtered transforms size: 29
00:00:10.59| INFO: RMSD Clustered transforms size: 28
00:00:10.65| INFO: Scored transforms size: 17
00:00:10.68| INFO: Prossesing patch # 3 out of 20
00:00:10.68| INFO: Start checking distance constraints 1445 transforms
00:00:10.68| INFO: Start clustering 1445 transforms
00:00:10.68| INFO: Clustered transforms size: 20
00:00:10.68| INFO: Filtered transforms size: 6
00:00:10.68| INFO: Backbone filtered transforms size: 5
00:00:10.68| INFO: RMSD Clustered transforms size: 4
00:00:10.71| INFO: Scored transforms size: 1
00:00:10.73| INFO: Prossesing patch # 4 out of 20
00:00:10.73| INFO: Start checking distance constraints 1871 transforms
00:00:10.73| INFO: Start clustering 1871 transforms
00:00:10.73| INFO: Clustered transforms size: 21
00:00:10.73| INFO: Filtered transforms size: 18
00:00:10.73| INFO: Backbone filtered transforms size: 17
00:00:10.73| INFO: RMSD Clustered transforms size: 15
00:00:10.77| INFO: Scored transforms size: 9
00:00:10.81| INFO: Prossesing patch # 5 out of 20
00:00:10.81| INFO: Start checking distance constraints 552 transforms
00:00:10.81| INFO: Start clustering 552 transforms
00:00:10.81| WARNING: Reducing ignoreClustersSmaller parameter
00:00:10.81| INFO: Clustered transforms size: 3
00:00:10.81| INFO: Filtered transforms size: 0
00:00:10.81| INFO: Backbone filtered transforms size: 0
00:00:10.81| INFO: RMSD Clustered transforms size: 0
00:00:10.81| INFO: Scored transforms size: 0
00:00:10.85| INFO: Prossesing patch # 6 out of 20
00:00:10.85| INFO: Start checking distance constraints 1914 transforms
00:00:10.85| INFO: Start clustering 1914 transforms
00:00:10.85| INFO: Clustered transforms size: 11
00:00:10.85| INFO: Filtered transforms size: 4
00:00:10.85| INFO: Backbone filtered transforms size: 4
00:00:10.85| INFO: RMSD Clustered transforms size: 4
00:00:10.86| INFO: Scored transforms size: 0
00:00:10.89| INFO: Prossesing patch # 7 out of 20
00:00:10.89| INFO: Start checking distance constraints 664 transforms
00:00:10.89| INFO: Start clustering 664 transforms
00:00:10.89| WARNING: Reducing ignoreClustersSmaller parameter
00:00:10.89| WARNING: Reducing ignoreClustersSmaller parameter
00:00:10.90| INFO: Clustered transforms size: 26
00:00:10.90| INFO: Filtered transforms size: 3
00:00:10.90| INFO: Backbone filtered transforms size: 3
00:00:10.90| INFO: RMSD Clustered transforms size: 3
00:00:10.92| INFO: Scored transforms size: 0
00:00:10.93| INFO: Prossesing patch # 8 out of 20
00:00:10.94| INFO: Start checking distance constraints 1253 transforms
00:00:10.94| INFO: Start clustering 1253 transforms
00:00:10.94| INFO: Clustered transforms size: 13
00:00:10.94| INFO: Filtered transforms size: 4
00:00:10.94| INFO: Backbone filtered transforms size: 2
00:00:10.94| INFO: RMSD Clustered transforms size: 2
00:00:10.96| INFO: Scored transforms size: 0
00:00:11.01| INFO: Prossesing patch # 9 out of 20
00:00:11.01| INFO: Start checking distance constraints 3055 transforms
00:00:11.01| INFO: Start clustering 3055 transforms
00:00:11.02| INFO: Clustered transforms size: 90
00:00:11.02| INFO: Filtered transforms size: 0
00:00:11.02| INFO: Backbone filtered transforms size: 0
00:00:11.02| INFO: RMSD Clustered transforms size: 0
00:00:11.02| INFO: Scored transforms size: 0
00:00:11.06| INFO: Prossesing patch # 10 out of 20
00:00:11.06| INFO: Start checking distance constraints 6379 transforms
00:00:11.06| INFO: Start clustering 6379 transforms
00:00:11.07| INFO: Clustered transforms size: 34
00:00:11.09| INFO: Filtered transforms size: 29
00:00:11.09| INFO: Backbone filtered transforms size: 27
00:00:11.09| INFO: RMSD Clustered transforms size: 25
00:00:11.11| INFO: Scored transforms size: 18
00:00:11.15| INFO: Prossesing patch # 11 out of 20
00:00:11.15| INFO: Start checking distance constraints 4543 transforms
00:00:11.15| INFO: Start clustering 4543 transforms
00:00:11.18| INFO: Clustered transforms size: 2
00:00:11.18| INFO: Filtered transforms size: 1
00:00:11.18| INFO: Backbone filtered transforms size: 1
00:00:11.18| INFO: RMSD Clustered transforms size: 1
00:00:11.18| INFO: Scored transforms size: 1
00:00:11.22| INFO: Prossesing patch # 12 out of 20
00:00:11.22| INFO: Start checking distance constraints 3749 transforms
00:00:11.22| INFO: Start clustering 3749 transforms
00:00:11.23| INFO: Clustered transforms size: 54
00:00:11.23| INFO: Filtered transforms size: 14
00:00:11.23| INFO: Backbone filtered transforms size: 14
00:00:11.23| INFO: RMSD Clustered transforms size: 12
00:00:11.27| INFO: Scored transforms size: 4
00:00:11.31| INFO: Prossesing patch # 13 out of 20
00:00:11.31| INFO: Start checking distance constraints 7569 transforms
00:00:11.31| INFO: Start clustering 7569 transforms
00:00:11.35| INFO: Clustered transforms size: 307
00:00:11.35| INFO: Filtered transforms size: 17
00:00:11.35| INFO: Backbone filtered transforms size: 16
00:00:11.35| INFO: RMSD Clustered transforms size: 14
00:00:11.39| INFO: Scored transforms size: 5
00:00:11.43| INFO: Prossesing patch # 14 out of 20
00:00:11.43| INFO: Start checking distance constraints 3244 transforms
00:00:11.43| INFO: Start clustering 3244 transforms
00:00:11.43| INFO: Clustered transforms size: 106
00:00:11.43| INFO: Filtered transforms size: 7
00:00:11.43| INFO: Backbone filtered transforms size: 6
00:00:11.43| INFO: RMSD Clustered transforms size: 5
00:00:11.44| INFO: Scored transforms size: 0
00:00:11.47| INFO: Prossesing patch # 15 out of 20
00:00:11.47| INFO: Start checking distance constraints 2016 transforms
00:00:11.47| INFO: Start clustering 2016 transforms
00:00:11.48| INFO: Clustered transforms size: 28
00:00:11.48| INFO: Filtered transforms size: 3
00:00:11.48| INFO: Backbone filtered transforms size: 1
00:00:11.48| INFO: RMSD Clustered transforms size: 1
00:00:11.50| INFO: Scored transforms size: 0
00:00:11.53| INFO: Prossesing patch # 16 out of 20
00:00:11.53| INFO: Start checking distance constraints 451 transforms
00:00:11.53| INFO: Start clustering 451 transforms
00:00:11.53| WARNING: Reducing ignoreClustersSmaller parameter
00:00:11.53| WARNING: Reducing ignoreClustersSmaller parameter
00:00:11.53| INFO: Clustered transforms size: 15
00:00:11.53| INFO: Filtered transforms size: 14
00:00:11.53| INFO: Backbone filtered transforms size: 13
00:00:11.53| INFO: RMSD Clustered transforms size: 12
00:00:11.56| INFO: Scored transforms size: 9
00:00:11.60| INFO: Prossesing patch # 17 out of 20
00:00:11.60| INFO: Start checking distance constraints 1307 transforms
00:00:11.60| INFO: Start clustering 1307 transforms
00:00:11.60| INFO: Clustered transforms size: 6
00:00:11.60| INFO: Filtered transforms size: 1
00:00:11.60| INFO: Backbone filtered transforms size: 1
00:00:11.60| INFO: RMSD Clustered transforms size: 1
00:00:11.61| INFO: Scored transforms size: 0
00:00:11.64| INFO: Prossesing patch # 18 out of 20
00:00:11.64| INFO: Start checking distance constraints 3123 transforms
00:00:11.64| INFO: Start clustering 3123 transforms
00:00:11.65| INFO: Clustered transforms size: 84
00:00:11.65| INFO: Filtered transforms size: 17
00:00:11.67| INFO: Backbone filtered transforms size: 15
00:00:11.67| INFO: RMSD Clustered transforms size: 12
00:00:11.69| INFO: Scored transforms size: 3
00:00:11.72| INFO: Prossesing patch # 19 out of 20
00:00:11.72| INFO: Start checking distance constraints 2091 transforms
00:00:11.72| INFO: Start clustering 2091 transforms
00:00:11.72| INFO: Clustered transforms size: 22
00:00:11.72| INFO: Filtered transforms size: 9
00:00:11.72| INFO: Backbone filtered transforms size: 8
00:00:11.72| INFO: RMSD Clustered transforms size: 8
00:00:11.75| INFO: Scored transforms size: 2
00:00:11.78| INFO: Prossesing patch # 20 out of 20
00:00:11.80| INFO: Start checking distance constraints 2084 transforms
00:00:11.80| INFO: Start clustering 2084 transforms
00:00:11.80| INFO: Clustered transforms size: 21
00:00:11.80| INFO: Filtered transforms size: 17
00:00:11.80| INFO: Backbone filtered transforms size: 12
00:00:11.80| INFO: RMSD Clustered transforms size: 12
00:00:11.84| INFO: Scored transforms size: 6
00:00:11.84| INFO: Start Docking flat-flat patches
00:00:11.84| INFO: Start Docking knob-hole patches
00:00:12.93| INFO: Prossesing patch # 1 out of 40
00:00:12.93| INFO: Start checking distance constraints 52034 transforms
00:00:12.93| INFO: Start clustering 52034 transforms
00:00:13.13| INFO: Clustered transforms size: 1444
00:00:13.21| INFO: Filtered transforms size: 378
00:00:13.21| INFO: Backbone filtered transforms size: 321
00:00:13.22| INFO: RMSD Clustered transforms size: 242
00:00:13.80| INFO: Scored transforms size: 78
00:00:13.81| INFO: Prossesing patch # 2 out of 40
00:00:13.81| INFO: Start checking distance constraints 446 transforms
00:00:13.81| INFO: Start clustering 446 transforms
00:00:13.81| WARNING: Reducing ignoreClustersSmaller parameter
00:00:13.81| INFO: Clustered transforms size: 8
00:00:13.81| INFO: Filtered transforms size: 0
00:00:13.81| INFO: Backbone filtered transforms size: 0
00:00:13.81| INFO: RMSD Clustered transforms size: 0
00:00:13.81| INFO: Scored transforms size: 0
00:00:13.82| INFO: Prossesing patch # 3 out of 40
00:00:13.82| INFO: Start checking distance constraints 1156 transforms
00:00:13.82| INFO: Start clustering 1156 transforms
00:00:13.82| INFO: Clustered transforms size: 7
00:00:13.82| INFO: Filtered transforms size: 5
00:00:13.82| INFO: Backbone filtered transforms size: 5
00:00:13.82| INFO: RMSD Clustered transforms size: 5
00:00:13.84| INFO: Scored transforms size: 3
00:00:13.85| INFO: Prossesing patch # 4 out of 40
00:00:13.85| INFO: Start checking distance constraints 647 transforms
00:00:13.85| INFO: Start clustering 647 transforms
00:00:13.85| WARNING: Reducing ignoreClustersSmaller parameter
00:00:13.85| INFO: Clustered transforms size: 4
00:00:13.85| INFO: Filtered transforms size: 3
00:00:13.85| INFO: Backbone filtered transforms size: 1
00:00:13.85| INFO: RMSD Clustered transforms size: 1
00:00:13.85| INFO: Scored transforms size: 1
00:00:13.88| INFO: Prossesing patch # 5 out of 40
00:00:13.88| INFO: Start checking distance constraints 63 transforms
00:00:13.88| INFO: Start clustering 63 transforms
00:00:13.88| WARNING: Reducing ignoreClustersSmaller parameter
00:00:13.88| WARNING: Reducing ignoreClustersSmaller parameter
00:00:13.88| INFO: Clustered transforms size: 1
00:00:13.88| INFO: Filtered transforms size: 1
00:00:13.88| INFO: Backbone filtered transforms size: 1
00:00:13.88| INFO: RMSD Clustered transforms size: 1
00:00:13.88| INFO: Scored transforms size: 1
00:00:13.89| INFO: Prossesing patch # 6 out of 40
00:00:13.89| INFO: Start checking distance constraints 554 transforms
00:00:13.89| INFO: Start clustering 554 transforms
00:00:13.89| INFO: Clustered transforms size: 9
00:00:13.89| INFO: Filtered transforms size: 0
00:00:13.89| INFO: Backbone filtered transforms size: 0
00:00:13.89| INFO: RMSD Clustered transforms size: 0
00:00:13.89| INFO: Scored transforms size: 0
00:00:13.90| INFO: Prossesing patch # 7 out of 40
00:00:13.92| INFO: Start checking distance constraints 1965 transforms
00:00:13.92| INFO: Start clustering 1965 transforms
00:00:13.92| INFO: Clustered transforms size: 43
00:00:13.92| INFO: Filtered transforms size: 0
00:00:13.92| INFO: Backbone filtered transforms size: 0
00:00:13.92| INFO: RMSD Clustered transforms size: 0
00:00:13.92| INFO: Scored transforms size: 0
00:00:13.92| INFO: Prossesing patch # 8 out of 40
00:00:13.93| INFO: Start checking distance constraints 7 transforms
00:00:13.93| INFO: Start clustering 7 transforms
00:00:13.93| WARNING: Reducing ignoreClustersSmaller parameter
00:00:13.93| WARNING: Reducing ignoreClustersSmaller parameter
00:00:13.93| WARNING: Reducing ignoreClustersSmaller parameter
00:00:13.93| INFO: Clustered transforms size: 7
00:00:13.93| INFO: Filtered transforms size: 0
00:00:13.93| INFO: Backbone filtered transforms size: 0
00:00:13.93| INFO: RMSD Clustered transforms size: 0
00:00:13.93| INFO: Scored transforms size: 0
00:00:13.96| INFO: Prossesing patch # 9 out of 40
00:00:13.96| INFO: Start checking distance constraints 9617 transforms
00:00:13.96| INFO: Start clustering 9617 transforms
00:00:14.00| INFO: Clustered transforms size: 430
00:00:14.01| INFO: Filtered transforms size: 42
00:00:14.01| INFO: Backbone filtered transforms size: 41
00:00:14.01| INFO: RMSD Clustered transforms size: 28
00:00:14.07| INFO: Scored transforms size: 8
00:00:14.10| INFO: Prossesing patch # 10 out of 40
00:00:14.10| INFO: Start checking distance constraints 2470 transforms
00:00:14.10| INFO: Start clustering 2470 transforms
00:00:14.11| INFO: Clustered transforms size: 20
00:00:14.11| INFO: Filtered transforms size: 15
00:00:14.11| INFO: Backbone filtered transforms size: 9
00:00:14.11| INFO: RMSD Clustered transforms size: 8
00:00:14.14| INFO: Scored transforms size: 6
00:00:14.15| INFO: Prossesing patch # 11 out of 40
00:00:14.15| INFO: Start checking distance constraints 58 transforms
00:00:14.15| INFO: Start clustering 58 transforms
00:00:14.15| WARNING: Reducing ignoreClustersSmaller parameter
00:00:14.15| WARNING: Reducing ignoreClustersSmaller parameter
00:00:14.15| INFO: Clustered transforms size: 2
00:00:14.15| INFO: Filtered transforms size: 1
00:00:14.15| INFO: Backbone filtered transforms size: 1
00:00:14.15| INFO: RMSD Clustered transforms size: 1
00:00:14.15| INFO: Scored transforms size: 0
00:00:14.18| INFO: Prossesing patch # 12 out of 40
00:00:14.18| INFO: Start checking distance constraints 339 transforms
00:00:14.18| INFO: Start clustering 339 transforms
00:00:14.18| WARNING: Reducing ignoreClustersSmaller parameter
00:00:14.18| WARNING: Reducing ignoreClustersSmaller parameter
00:00:14.18| INFO: Clustered transforms size: 8
00:00:14.18| INFO: Filtered transforms size: 0
00:00:14.18| INFO: Backbone filtered transforms size: 0
00:00:14.18| INFO: RMSD Clustered transforms size: 0
00:00:14.18| INFO: Scored transforms size: 0
00:00:14.18| INFO: Prossesing patch # 13 out of 40
00:00:14.18| INFO: Start checking distance constraints 1012 transforms
00:00:14.18| INFO: Start clustering 1012 transforms
00:00:14.18| INFO: Clustered transforms size: 25
00:00:14.19| INFO: Filtered transforms size: 8
00:00:14.19| INFO: Backbone filtered transforms size: 7
00:00:14.19| INFO: RMSD Clustered transforms size: 7
00:00:14.21| INFO: Scored transforms size: 2
00:00:14.22| INFO: Prossesing patch # 14 out of 40
00:00:14.23| INFO: Start checking distance constraints 598 transforms
00:00:14.23| INFO: Start clustering 598 transforms
00:00:14.23| WARNING: Reducing ignoreClustersSmaller parameter
00:00:14.23| INFO: Clustered transforms size: 4
00:00:14.23| INFO: Filtered transforms size: 4
00:00:14.23| INFO: Backbone filtered transforms size: 2
00:00:14.23| INFO: RMSD Clustered transforms size: 2
00:00:14.23| INFO: Scored transforms size: 1
00:00:14.23| INFO: Prossesing patch # 15 out of 40
00:00:14.25| INFO: Start checking distance constraints 131 transforms
00:00:14.25| INFO: Start clustering 131 transforms
00:00:14.25| INFO: Clustered transforms size: 2
00:00:14.25| INFO: Filtered transforms size: 0
00:00:14.25| INFO: Backbone filtered transforms size: 0
00:00:14.25| INFO: RMSD Clustered transforms size: 0
00:00:14.25| INFO: Scored transforms size: 0
00:00:14.25| INFO: Prossesing patch # 16 out of 40
00:00:14.25| INFO: Start checking distance constraints 37 transforms
00:00:14.25| INFO: Start clustering 37 transforms
00:00:14.25| WARNING: Reducing ignoreClustersSmaller parameter
00:00:14.25| WARNING: Reducing ignoreClustersSmaller parameter
00:00:14.25| INFO: Clustered transforms size: 1
00:00:14.25| INFO: Filtered transforms size: 1
00:00:14.25| INFO: Backbone filtered transforms size: 0
00:00:14.25| INFO: RMSD Clustered transforms size: 0
00:00:14.25| INFO: Scored transforms size: 0
00:00:14.26| INFO: Prossesing patch # 17 out of 40
00:00:14.26| INFO: Start checking distance constraints 1154 transforms
00:00:14.26| INFO: Start clustering 1154 transforms
00:00:14.26| INFO: Clustered transforms size: 26
00:00:14.26| INFO: Filtered transforms size: 9
00:00:14.26| INFO: Backbone filtered transforms size: 9
00:00:14.26| INFO: RMSD Clustered transforms size: 7
00:00:14.27| INFO: Scored transforms size: 4
00:00:14.28| INFO: Prossesing patch # 18 out of 40
00:00:14.28| INFO: Start checking distance constraints 31 transforms
00:00:14.28| INFO: Start clustering 31 transforms
00:00:14.28| WARNING: Reducing ignoreClustersSmaller parameter
00:00:14.28| WARNING: Reducing ignoreClustersSmaller parameter
00:00:14.28| WARNING: Reducing ignoreClustersSmaller parameter
00:00:14.28| INFO: Clustered transforms size: 28
00:00:14.28| INFO: Filtered transforms size: 0
00:00:14.28| INFO: Backbone filtered transforms size: 0
00:00:14.28| INFO: RMSD Clustered transforms size: 0
00:00:14.28| INFO: Scored transforms size: 0
00:00:14.30| INFO: Prossesing patch # 19 out of 40
00:00:14.31| INFO: Start checking distance constraints 39 transforms
00:00:14.31| INFO: Start clustering 39 transforms
00:00:14.31| WARNING: Reducing ignoreClustersSmaller parameter
00:00:14.31| WARNING: Reducing ignoreClustersSmaller parameter
00:00:14.31| WARNING: Reducing ignoreClustersSmaller parameter
00:00:14.31| INFO: Clustered transforms size: 36
00:00:14.31| INFO: Filtered transforms size: 0
00:00:14.31| INFO: Backbone filtered transforms size: 0
00:00:14.31| INFO: RMSD Clustered transforms size: 0
00:00:14.31| INFO: Scored transforms size: 0
00:00:14.31| INFO: Prossesing patch # 20 out of 40
00:00:14.31| INFO: Start checking distance constraints 202 transforms
00:00:14.31| INFO: Start clustering 202 transforms
00:00:14.31| WARNING: Reducing ignoreClustersSmaller parameter
00:00:14.31| WARNING: Reducing ignoreClustersSmaller parameter
00:00:14.31| INFO: Clustered transforms size: 10
00:00:14.31| INFO: Filtered transforms size: 10
00:00:14.31| INFO: Backbone filtered transforms size: 9
00:00:14.31| INFO: RMSD Clustered transforms size: 9
00:00:14.32| INFO: Scored transforms size: 8
00:00:14.34| INFO: Prossesing patch # 21 out of 40
00:00:14.35| INFO: Start checking distance constraints 420 transforms
00:00:14.35| INFO: Start clustering 420 transforms
00:00:14.35| INFO: Clustered transforms size: 1
00:00:14.35| INFO: Filtered transforms size: 1
00:00:14.35| INFO: Backbone filtered transforms size: 1
00:00:14.35| INFO: RMSD Clustered transforms size: 1
00:00:14.35| INFO: Scored transforms size: 0
00:00:14.35| INFO: Prossesing patch # 22 out of 40
00:00:14.35| INFO: Start checking distance constraints 475 transforms
00:00:14.35| INFO: Start clustering 475 transforms
00:00:14.35| INFO: Clustered transforms size: 12
00:00:14.35| INFO: Filtered transforms size: 0
00:00:14.35| INFO: Backbone filtered transforms size: 0
00:00:14.35| INFO: RMSD Clustered transforms size: 0
00:00:14.35| INFO: Scored transforms size: 0
00:00:14.38| INFO: Prossesing patch # 23 out of 40
00:00:14.38| INFO: Start checking distance constraints 1533 transforms
00:00:14.38| INFO: Start clustering 1533 transforms
00:00:14.38| INFO: Clustered transforms size: 23
00:00:14.38| INFO: Filtered transforms size: 14
00:00:14.38| INFO: Backbone filtered transforms size: 14
00:00:14.38| INFO: RMSD Clustered transforms size: 12
00:00:14.40| INFO: Scored transforms size: 3
00:00:14.43| INFO: Prossesing patch # 24 out of 40
00:00:14.43| INFO: Start checking distance constraints 2015 transforms
00:00:14.43| INFO: Start clustering 2015 transforms
00:00:14.43| INFO: Clustered transforms size: 16
00:00:14.43| INFO: Filtered transforms size: 13
00:00:14.43| INFO: Backbone filtered transforms size: 11
00:00:14.43| INFO: RMSD Clustered transforms size: 10
00:00:14.44| INFO: Scored transforms size: 9
00:00:14.44| INFO: Prossesing patch # 25 out of 40
00:00:14.44| INFO: Start checking distance constraints 51 transforms
00:00:14.44| INFO: Start clustering 51 transforms
00:00:14.44| WARNING: Reducing ignoreClustersSmaller parameter
00:00:14.44| WARNING: Reducing ignoreClustersSmaller parameter
00:00:14.44| INFO: Clustered transforms size: 1
00:00:14.44| INFO: Filtered transforms size: 0
00:00:14.44| INFO: Backbone filtered transforms size: 0
00:00:14.44| INFO: RMSD Clustered transforms size: 0
00:00:14.44| INFO: Scored transforms size: 0
00:00:14.46| INFO: Prossesing patch # 26 out of 40
00:00:14.47| INFO: Start checking distance constraints 845 transforms
00:00:14.47| INFO: Start clustering 845 transforms
00:00:14.47| INFO: Clustered transforms size: 21
00:00:14.47| INFO: Filtered transforms size: 4
00:00:14.47| INFO: Backbone filtered transforms size: 3
00:00:14.47| INFO: RMSD Clustered transforms size: 3
00:00:14.47| INFO: Scored transforms size: 0
00:00:14.47| INFO: Prossesing patch # 27 out of 40
00:00:14.48| INFO: Start checking distance constraints 250 transforms
00:00:14.48| INFO: Start clustering 250 transforms
00:00:14.48| WARNING: Reducing ignoreClustersSmaller parameter
00:00:14.48| WARNING: Reducing ignoreClustersSmaller parameter
00:00:14.48| INFO: Clustered transforms size: 12
00:00:14.48| INFO: Filtered transforms size: 5
00:00:14.48| INFO: Backbone filtered transforms size: 5
00:00:14.48| INFO: RMSD Clustered transforms size: 5
00:00:14.50| INFO: Scored transforms size: 4
00:00:14.51| INFO: Prossesing patch # 28 out of 40
00:00:14.51| INFO: Start checking distance constraints 37 transforms
00:00:14.51| INFO: Start clustering 37 transforms
00:00:14.51| WARNING: Reducing ignoreClustersSmaller parameter
00:00:14.51| WARNING: Reducing ignoreClustersSmaller parameter
00:00:14.51| WARNING: Reducing ignoreClustersSmaller parameter
00:00:14.51| INFO: Clustered transforms size: 31
00:00:14.51| INFO: Filtered transforms size: 0
00:00:14.51| INFO: Backbone filtered transforms size: 0
00:00:14.51| INFO: RMSD Clustered transforms size: 0
00:00:14.51| INFO: Scored transforms size: 0
00:00:14.52| INFO: Prossesing patch # 29 out of 40
00:00:14.52| INFO: Start checking distance constraints 415 transforms
00:00:14.52| INFO: Start clustering 415 transforms
00:00:14.52| INFO: Clustered transforms size: 1
00:00:14.52| INFO: Filtered transforms size: 1
00:00:14.52| INFO: Backbone filtered transforms size: 1
00:00:14.52| INFO: RMSD Clustered transforms size: 1
00:00:14.52| INFO: Scored transforms size: 0
00:00:14.52| INFO: Prossesing patch # 30 out of 40
00:00:14.52| INFO: Start checking distance constraints 829 transforms
00:00:14.52| INFO: Start clustering 829 transforms
00:00:14.52| INFO: Clustered transforms size: 1
00:00:14.52| INFO: Filtered transforms size: 0
00:00:14.52| INFO: Backbone filtered transforms size: 0
00:00:14.52| INFO: RMSD Clustered transforms size: 0
00:00:14.52| INFO: Scored transforms size: 0
00:00:14.53| INFO: Prossesing patch # 31 out of 40
00:00:14.53| INFO: Start checking distance constraints 443 transforms
00:00:14.53| INFO: Start clustering 443 transforms
00:00:14.53| WARNING: Reducing ignoreClustersSmaller parameter
00:00:14.53| INFO: Clustered transforms size: 5
00:00:14.53| INFO: Filtered transforms size: 0
00:00:14.53| INFO: Backbone filtered transforms size: 0
00:00:14.53| INFO: RMSD Clustered transforms size: 0
00:00:14.53| INFO: Scored transforms size: 0
00:00:14.57| INFO: Prossesing patch # 32 out of 40
00:00:14.57| INFO: Start checking distance constraints 225 transforms
00:00:14.57| INFO: Start clustering 225 transforms
00:00:14.57| WARNING: Reducing ignoreClustersSmaller parameter
00:00:14.57| INFO: Clustered transforms size: 3
00:00:14.57| INFO: Filtered transforms size: 0
00:00:14.57| INFO: Backbone filtered transforms size: 0
00:00:14.57| INFO: RMSD Clustered transforms size: 0
00:00:14.57| INFO: Scored transforms size: 0
00:00:14.57| INFO: Prossesing patch # 33 out of 40
00:00:14.57| INFO: Start checking distance constraints 73 transforms
00:00:14.57| INFO: Start clustering 73 transforms
00:00:14.57| WARNING: Reducing ignoreClustersSmaller parameter
00:00:14.57| WARNING: Reducing ignoreClustersSmaller parameter
00:00:14.57| INFO: Clustered transforms size: 5
00:00:14.57| INFO: Filtered transforms size: 0
00:00:14.57| INFO: Backbone filtered transforms size: 0
00:00:14.57| INFO: RMSD Clustered transforms size: 0
00:00:14.57| INFO: Scored transforms size: 0
00:00:14.59| INFO: Prossesing patch # 34 out of 40
00:00:14.60| INFO: Start checking distance constraints 1428 transforms
00:00:14.60| INFO: Start clustering 1428 transforms
00:00:14.60| INFO: Clustered transforms size: 29
00:00:14.60| INFO: Filtered transforms size: 13
00:00:14.60| INFO: Backbone filtered transforms size: 10
00:00:14.60| INFO: RMSD Clustered transforms size: 10
00:00:14.61| INFO: Scored transforms size: 6
00:00:14.63| INFO: Prossesing patch # 35 out of 40
00:00:14.63| INFO: Start checking distance constraints 258 transforms
00:00:14.63| INFO: Start clustering 258 transforms
00:00:14.63| WARNING: Reducing ignoreClustersSmaller parameter
00:00:14.63| WARNING: Reducing ignoreClustersSmaller parameter
00:00:14.63| INFO: Clustered transforms size: 6
00:00:14.63| INFO: Filtered transforms size: 5
00:00:14.63| INFO: Backbone filtered transforms size: 5
00:00:14.63| INFO: RMSD Clustered transforms size: 5
00:00:14.64| INFO: Scored transforms size: 5
00:00:14.64| INFO: Prossesing patch # 36 out of 40
00:00:14.65| INFO: Start checking distance constraints 828 transforms
00:00:14.65| INFO: Start clustering 828 transforms
00:00:14.65| INFO: Clustered transforms size: 14
00:00:14.65| INFO: Filtered transforms size: 0
00:00:14.65| INFO: Backbone filtered transforms size: 0
00:00:14.65| INFO: RMSD Clustered transforms size: 0
00:00:14.65| INFO: Scored transforms size: 0
00:00:14.67| INFO: Prossesing patch # 37 out of 40
00:00:14.67| INFO: Start checking distance constraints 26 transforms
00:00:14.67| INFO: Start clustering 26 transforms
00:00:14.67| WARNING: Reducing ignoreClustersSmaller parameter
00:00:14.67| WARNING: Reducing ignoreClustersSmaller parameter
00:00:14.67| INFO: Clustered transforms size: 2
00:00:14.67| INFO: Filtered transforms size: 0
00:00:14.67| INFO: Backbone filtered transforms size: 0
00:00:14.67| INFO: RMSD Clustered transforms size: 0
00:00:14.67| INFO: Scored transforms size: 0
00:00:14.67| INFO: Prossesing patch # 38 out of 40
00:00:14.68| INFO: Start checking distance constraints 1414 transforms
00:00:14.68| INFO: Start clustering 1414 transforms
00:00:14.68| INFO: Clustered transforms size: 36
00:00:14.68| INFO: Filtered transforms size: 26
00:00:14.68| INFO: Backbone filtered transforms size: 24
00:00:14.68| INFO: RMSD Clustered transforms size: 19
00:00:14.72| INFO: Scored transforms size: 12
00:00:14.72| INFO: Prossesing patch # 39 out of 40
00:00:14.72| INFO: Start checking distance constraints 225 transforms
00:00:14.72| INFO: Start clustering 225 transforms
00:00:14.72| WARNING: Reducing ignoreClustersSmaller parameter
00:00:14.72| WARNING: Reducing ignoreClustersSmaller parameter
00:00:14.72| INFO: Clustered transforms size: 10
00:00:14.72| INFO: Filtered transforms size: 9
00:00:14.72| INFO: Backbone filtered transforms size: 7
00:00:14.72| INFO: RMSD Clustered transforms size: 6
00:00:14.73| INFO: Scored transforms size: 6
00:00:14.73| INFO: Prossesing patch # 40 out of 40
00:00:14.73| INFO: Start checking distance constraints 0 transforms
00:00:14.73| INFO: Start clustering 0 transforms
00:00:14.73| WARNING: Reducing ignoreClustersSmaller parameter
00:00:14.73| WARNING: Reducing ignoreClustersSmaller parameter
00:00:14.73| WARNING: Reducing ignoreClustersSmaller parameter
00:00:14.73| WARNING: Reducing ignoreClustersSmaller parameter
00:00:14.73| INFO: Clustered transforms size: 0
00:00:14.73| INFO: Filtered transforms size: 0
00:00:14.73| INFO: Backbone filtered transforms size: 0
00:00:14.73| INFO: RMSD Clustered transforms size: 0
00:00:14.73| INFO: Scored transforms size: 0
00:00:14.73| INFO: ProgTime: prog_time: 00:00:04.88
00:00:14.73| INFO: Initial results size: 394
00:00:14.73| INFO: After removal of low scoring: 385
00:00:14.75| INFO: Results size after final clustering: 84
00:00:15.51| INFO: Full scored transforms size: 84
00:00:15.51| INFO: After full scoring: 84
00:00:15.52| INFO: Finish docking
