00:00:00.00| INFO: START DOCKING /home/svensken/octathorp/patchdock/3GZJbot.pdb with /home/svensken/octathorp/patchdock/1WM1cap.pdb
00:00:00.00| INFO: Start reading PDB and MS for receptor molecule
00:00:01.20| INFO: ASA of the molecule = 2294.05
00:00:01.20| INFO: Chem molecule: 1342 atoms were read
00:00:01.21| INFO: Hydrogen molecule: 1342 atoms were read
00:00:01.38| INFO: Surface: 68401 surface points were read
00:00:01.38| INFO: Start reading PDB and MS for ligand molecule
00:00:02.06| INFO: ASA of the molecule = 1753.66
00:00:02.06| INFO: Chem molecule: 827 atoms were read
00:00:02.07| INFO: Hydrogen molecule: 827 atoms were read
00:00:02.20| INFO: Surface: 49218 surface points were read
00:00:02.24| INFO: Start building docking surface for receptor molecule
00:00:02.24| INFO: Start building molecule grid and distance function
00:00:05.17| INFO: Start calculating Volume function and Normals for surface points
00:00:05.28| INFO: Shuo surface size = 3478
00:00:05.44| INFO: 3000sp processed
00:00:05.63| INFO: Start calculating Active Site patches
00:00:05.63| INFO: Running segmentation for KNB
00:00:05.73| INFO: Running segmentation for FLT
00:00:05.76| INFO: Running segmentation for HLE
00:00:06.13| INFO: Final # of patches: 35
00:00:06.13| INFO: Final # of patches: 17
00:00:06.13| INFO: Start calculating Geodesical distances
00:00:06.13| INFO: Start building docking surface for ligand molecule
00:00:06.13| INFO: Start building molecule grid and distance function
00:00:08.18| INFO: Start calculating Volume function and Normals for surface points
00:00:08.26| INFO: Shuo surface size = 2417
00:00:08.50| INFO: Start calculating Active Site patches
00:00:08.52| INFO: Running segmentation for KNB
00:00:08.56| INFO: Running segmentation for FLT
00:00:08.59| INFO: Running segmentation for HLE
00:00:08.78| INFO: Final # of patches: 23
00:00:08.78| INFO: Final # of patches: 15
00:00:08.78| INFO: Start calculating Geodesical distances
00:00:08.78| INFO: Start docking
00:00:08.78| INFO: Initializing cluster parameters
00:00:08.78| INFO: Building scoring trees
00:00:08.90| INFO: Running distance constrained matching algorithm
00:00:08.90| INFO: Initializing Matching Data Structure
00:00:08.90| INFO: DCDocking: matchType_ 2
00:00:08.90| INFO: Initializing cluster parameters
00:00:08.90| INFO: Start Preprocessing
00:00:08.97| INFO: Start Docking hole-knob patches
00:00:09.02| INFO: Prossesing patch # 1 out of 17
00:00:09.02| INFO: Start checking distance constraints 458 transforms
00:00:09.02| INFO: Start clustering 458 transforms
00:00:09.02| INFO: Clustered transforms size: 2
00:00:09.02| INFO: Filtered transforms size: 0
00:00:09.02| INFO: Backbone filtered transforms size: 0
00:00:09.02| INFO: RMSD Clustered transforms size: 0
00:00:09.02| INFO: Scored transforms size: 0
00:00:09.25| INFO: Prossesing patch # 2 out of 17
00:00:09.25| INFO: Start checking distance constraints 59760 transforms
00:00:09.26| INFO: Start clustering 59760 transforms
00:00:09.47| INFO: Clustered transforms size: 965
00:00:09.52| INFO: Filtered transforms size: 63
00:00:09.52| INFO: Backbone filtered transforms size: 58
00:00:09.52| INFO: RMSD Clustered transforms size: 52
00:00:09.61| INFO: Scored transforms size: 6
00:00:09.73| INFO: Prossesing patch # 3 out of 17
00:00:09.73| INFO: Start checking distance constraints 27036 transforms
00:00:09.73| INFO: Start clustering 27036 transforms
00:00:09.84| INFO: Clustered transforms size: 849
00:00:09.89| INFO: Filtered transforms size: 225
00:00:09.89| INFO: Backbone filtered transforms size: 138
00:00:09.89| INFO: RMSD Clustered transforms size: 115
00:00:10.10| INFO: Scored transforms size: 7
00:00:10.13| INFO: Prossesing patch # 4 out of 17
00:00:10.13| INFO: Start checking distance constraints 0 transforms
00:00:10.13| INFO: Start clustering 0 transforms
00:00:10.13| WARNING: Reducing ignoreClustersSmaller parameter
00:00:10.13| WARNING: Reducing ignoreClustersSmaller parameter
00:00:10.13| WARNING: Reducing ignoreClustersSmaller parameter
00:00:10.13| WARNING: Reducing ignoreClustersSmaller parameter
00:00:10.13| INFO: Clustered transforms size: 0
00:00:10.13| INFO: Filtered transforms size: 0
00:00:10.13| INFO: Backbone filtered transforms size: 0
00:00:10.13| INFO: RMSD Clustered transforms size: 0
00:00:10.13| INFO: Scored transforms size: 0
00:00:10.18| INFO: Prossesing patch # 5 out of 17
00:00:10.18| INFO: Start checking distance constraints 101 transforms
00:00:10.18| INFO: Start clustering 101 transforms
00:00:10.18| WARNING: Reducing ignoreClustersSmaller parameter
00:00:10.18| WARNING: Reducing ignoreClustersSmaller parameter
00:00:10.18| INFO: Clustered transforms size: 5
00:00:10.18| INFO: Filtered transforms size: 1
00:00:10.18| INFO: Backbone filtered transforms size: 1
00:00:10.18| INFO: RMSD Clustered transforms size: 1
00:00:10.18| INFO: Scored transforms size: 0
00:00:10.39| INFO: Prossesing patch # 6 out of 17
00:00:10.39| INFO: Start checking distance constraints 78764 transforms
00:00:10.40| INFO: Start clustering 78764 transforms
00:00:10.75| INFO: Clustered transforms size: 2362
00:00:10.93| INFO: Filtered transforms size: 1253
00:00:10.93| INFO: Backbone filtered transforms size: 1164
00:00:10.96| INFO: RMSD Clustered transforms size: 772
00:00:12.31| INFO: Scored transforms size: 395
00:00:12.42| INFO: Prossesing patch # 7 out of 17
00:00:12.42| INFO: Start checking distance constraints 39004 transforms
00:00:12.42| INFO: Start clustering 39004 transforms
00:00:12.57| INFO: Clustered transforms size: 922
00:00:12.64| INFO: Filtered transforms size: 535
00:00:12.64| INFO: Backbone filtered transforms size: 492
00:00:12.64| INFO: RMSD Clustered transforms size: 396
00:00:13.27| INFO: Scored transforms size: 210
00:00:13.35| INFO: Prossesing patch # 8 out of 17
00:00:13.35| INFO: Start checking distance constraints 19073 transforms
00:00:13.35| INFO: Start clustering 19073 transforms
00:00:13.43| INFO: Clustered transforms size: 470
00:00:13.47| INFO: Filtered transforms size: 328
00:00:13.47| INFO: Backbone filtered transforms size: 300
00:00:13.47| INFO: RMSD Clustered transforms size: 241
00:00:13.88| INFO: Scored transforms size: 105
00:00:13.96| INFO: Prossesing patch # 9 out of 17
00:00:13.96| INFO: Start checking distance constraints 4166 transforms
00:00:13.96| INFO: Start clustering 4166 transforms
00:00:13.97| INFO: Clustered transforms size: 91
00:00:13.97| INFO: Filtered transforms size: 44
00:00:13.97| INFO: Backbone filtered transforms size: 25
00:00:13.97| INFO: RMSD Clustered transforms size: 20
00:00:14.02| INFO: Scored transforms size: 6
00:00:14.14| INFO: Prossesing patch # 10 out of 17
00:00:14.14| INFO: Start checking distance constraints 17415 transforms
00:00:14.14| INFO: Start clustering 17415 transforms
00:00:14.21| INFO: Clustered transforms size: 331
00:00:14.23| INFO: Filtered transforms size: 89
00:00:14.23| INFO: Backbone filtered transforms size: 53
00:00:14.23| INFO: RMSD Clustered transforms size: 44
00:00:14.32| INFO: Scored transforms size: 3
00:00:14.35| INFO: Prossesing patch # 11 out of 17
00:00:14.35| INFO: Start checking distance constraints 459 transforms
00:00:14.35| INFO: Start clustering 459 transforms
00:00:14.35| INFO: Clustered transforms size: 2
00:00:14.35| INFO: Filtered transforms size: 0
00:00:14.35| INFO: Backbone filtered transforms size: 0
00:00:14.35| INFO: RMSD Clustered transforms size: 0
00:00:14.35| INFO: Scored transforms size: 0
00:00:14.38| INFO: Prossesing patch # 12 out of 17
00:00:14.38| INFO: Start checking distance constraints 89 transforms
00:00:14.38| INFO: Start clustering 89 transforms
00:00:14.38| WARNING: Reducing ignoreClustersSmaller parameter
00:00:14.38| WARNING: Reducing ignoreClustersSmaller parameter
00:00:14.38| INFO: Clustered transforms size: 3
00:00:14.38| INFO: Filtered transforms size: 0
00:00:14.38| INFO: Backbone filtered transforms size: 0
00:00:14.38| INFO: RMSD Clustered transforms size: 0
00:00:14.38| INFO: Scored transforms size: 0
00:00:14.42| INFO: Prossesing patch # 13 out of 17
00:00:14.42| INFO: Start checking distance constraints 3055 transforms
00:00:14.42| INFO: Start clustering 3055 transforms
00:00:14.43| INFO: Clustered transforms size: 65
00:00:14.43| INFO: Filtered transforms size: 17
00:00:14.43| INFO: Backbone filtered transforms size: 14
00:00:14.43| INFO: RMSD Clustered transforms size: 11
00:00:14.46| INFO: Scored transforms size: 6
00:00:14.56| INFO: Prossesing patch # 14 out of 17
00:00:14.56| INFO: Start checking distance constraints 40384 transforms
00:00:14.56| INFO: Start clustering 40384 transforms
00:00:14.71| INFO: Clustered transforms size: 231
00:00:14.72| INFO: Filtered transforms size: 58
00:00:14.72| INFO: Backbone filtered transforms size: 54
00:00:14.72| INFO: RMSD Clustered transforms size: 50
00:00:14.80| INFO: Scored transforms size: 36
00:00:14.89| INFO: Prossesing patch # 15 out of 17
00:00:14.89| INFO: Start checking distance constraints 46416 transforms
00:00:14.90| INFO: Start clustering 46416 transforms
00:00:15.07| INFO: Clustered transforms size: 552
00:00:15.11| INFO: Filtered transforms size: 242
00:00:15.11| INFO: Backbone filtered transforms size: 220
00:00:15.11| INFO: RMSD Clustered transforms size: 191
00:00:15.48| INFO: Scored transforms size: 112
00:00:15.52| INFO: Prossesing patch # 16 out of 17
00:00:15.52| INFO: Start checking distance constraints 103 transforms
00:00:15.52| INFO: Start clustering 103 transforms
00:00:15.52| WARNING: Reducing ignoreClustersSmaller parameter
00:00:15.52| WARNING: Reducing ignoreClustersSmaller parameter
00:00:15.52| INFO: Clustered transforms size: 1
00:00:15.52| INFO: Filtered transforms size: 0
00:00:15.52| INFO: Backbone filtered transforms size: 0
00:00:15.52| INFO: RMSD Clustered transforms size: 0
00:00:15.52| INFO: Scored transforms size: 0
00:00:15.57| INFO: Prossesing patch # 17 out of 17
00:00:15.57| INFO: Start checking distance constraints 18626 transforms
00:00:15.57| INFO: Start clustering 18626 transforms
00:00:15.64| INFO: Clustered transforms size: 215
00:00:15.67| INFO: Filtered transforms size: 118
00:00:15.67| INFO: Backbone filtered transforms size: 105
00:00:15.67| INFO: RMSD Clustered transforms size: 92
00:00:15.84| INFO: Scored transforms size: 48
00:00:15.84| INFO: Start Docking flat-flat patches
00:00:15.84| INFO: Start Docking knob-hole patches
00:00:17.11| INFO: Prossesing patch # 1 out of 35
00:00:17.11| INFO: Start checking distance constraints 233702 transforms
00:00:17.13| INFO: Start clustering 233702 transforms
00:00:18.13| INFO: Clustered transforms size: 6046
00:00:18.54| INFO: Filtered transforms size: 2423
00:00:18.54| INFO: Backbone filtered transforms size: 2087
00:00:18.57| INFO: RMSD Clustered transforms size: 1554
00:00:21.50| INFO: Scored transforms size: 602
00:00:21.54| INFO: Prossesing patch # 2 out of 35
00:00:21.54| INFO: Start checking distance constraints 14851 transforms
00:00:21.54| INFO: Start clustering 14851 transforms
00:00:21.60| INFO: Clustered transforms size: 163
00:00:21.61| INFO: Filtered transforms size: 82
00:00:21.61| INFO: Backbone filtered transforms size: 64
00:00:21.61| INFO: RMSD Clustered transforms size: 61
00:00:21.69| INFO: Scored transforms size: 48
00:00:21.69| INFO: Prossesing patch # 3 out of 35
00:00:21.69| INFO: Start checking distance constraints 0 transforms
00:00:21.69| INFO: Start clustering 0 transforms
00:00:21.69| WARNING: Reducing ignoreClustersSmaller parameter
00:00:21.69| WARNING: Reducing ignoreClustersSmaller parameter
00:00:21.69| WARNING: Reducing ignoreClustersSmaller parameter
00:00:21.69| WARNING: Reducing ignoreClustersSmaller parameter
00:00:21.69| INFO: Clustered transforms size: 0
00:00:21.69| INFO: Filtered transforms size: 0
00:00:21.69| INFO: Backbone filtered transforms size: 0
00:00:21.69| INFO: RMSD Clustered transforms size: 0
00:00:21.69| INFO: Scored transforms size: 0
00:00:21.70| INFO: Prossesing patch # 4 out of 35
00:00:21.70| INFO: Start checking distance constraints 2 transforms
00:00:21.70| INFO: Start clustering 2 transforms
00:00:21.70| WARNING: Reducing ignoreClustersSmaller parameter
00:00:21.70| WARNING: Reducing ignoreClustersSmaller parameter
00:00:21.70| WARNING: Reducing ignoreClustersSmaller parameter
00:00:21.70| INFO: Clustered transforms size: 2
00:00:21.70| INFO: Filtered transforms size: 1
00:00:21.70| INFO: Backbone filtered transforms size: 1
00:00:21.70| INFO: RMSD Clustered transforms size: 1
00:00:21.70| INFO: Scored transforms size: 0
00:00:21.73| INFO: Prossesing patch # 5 out of 35
00:00:21.73| INFO: Start checking distance constraints 7305 transforms
00:00:21.73| INFO: Start clustering 7305 transforms
00:00:21.77| INFO: Clustered transforms size: 80
00:00:21.77| INFO: Filtered transforms size: 25
00:00:21.77| INFO: Backbone filtered transforms size: 18
00:00:21.77| INFO: RMSD Clustered transforms size: 18
00:00:21.79| INFO: Scored transforms size: 6
00:00:21.81| INFO: Prossesing patch # 6 out of 35
00:00:21.81| INFO: Start checking distance constraints 247 transforms
00:00:21.81| INFO: Start clustering 247 transforms
00:00:21.81| WARNING: Reducing ignoreClustersSmaller parameter
00:00:21.82| INFO: Clustered transforms size: 1
00:00:21.82| INFO: Filtered transforms size: 0
00:00:21.82| INFO: Backbone filtered transforms size: 0
00:00:21.82| INFO: RMSD Clustered transforms size: 0
00:00:21.82| INFO: Scored transforms size: 0
00:00:21.87| INFO: Prossesing patch # 7 out of 35
00:00:21.87| INFO: Start checking distance constraints 13580 transforms
00:00:21.87| INFO: Start clustering 13580 transforms
00:00:21.90| INFO: Clustered transforms size: 66
00:00:21.92| INFO: Filtered transforms size: 28
00:00:21.92| INFO: Backbone filtered transforms size: 25
00:00:21.92| INFO: RMSD Clustered transforms size: 23
00:00:21.95| INFO: Scored transforms size: 22
00:00:21.98| INFO: Prossesing patch # 8 out of 35
00:00:21.98| INFO: Start checking distance constraints 12243 transforms
00:00:21.98| INFO: Start clustering 12243 transforms
00:00:22.04| INFO: Clustered transforms size: 142
00:00:22.04| INFO: Filtered transforms size: 127
00:00:22.04| INFO: Backbone filtered transforms size: 126
00:00:22.04| INFO: RMSD Clustered transforms size: 116
00:00:22.20| INFO: Scored transforms size: 89
00:00:22.21| INFO: Prossesing patch # 9 out of 35
00:00:22.21| INFO: Start checking distance constraints 5 transforms
00:00:22.21| INFO: Start clustering 5 transforms
00:00:22.21| WARNING: Reducing ignoreClustersSmaller parameter
00:00:22.21| WARNING: Reducing ignoreClustersSmaller parameter
00:00:22.21| WARNING: Reducing ignoreClustersSmaller parameter
00:00:22.21| INFO: Clustered transforms size: 5
00:00:22.21| INFO: Filtered transforms size: 0
00:00:22.21| INFO: Backbone filtered transforms size: 0
00:00:22.21| INFO: RMSD Clustered transforms size: 0
00:00:22.21| INFO: Scored transforms size: 0
00:00:22.23| INFO: Prossesing patch # 10 out of 35
00:00:22.23| INFO: Start checking distance constraints 1505 transforms
00:00:22.23| INFO: Start clustering 1505 transforms
00:00:22.25| WARNING: Reducing ignoreClustersSmaller parameter
00:00:22.25| INFO: Clustered transforms size: 11
00:00:22.25| INFO: Filtered transforms size: 5
00:00:22.25| INFO: Backbone filtered transforms size: 5
00:00:22.25| INFO: RMSD Clustered transforms size: 4
00:00:22.26| INFO: Scored transforms size: 2
00:00:22.27| INFO: Prossesing patch # 11 out of 35
00:00:22.27| INFO: Start checking distance constraints 0 transforms
00:00:22.27| INFO: Start clustering 0 transforms
00:00:22.27| WARNING: Reducing ignoreClustersSmaller parameter
00:00:22.27| WARNING: Reducing ignoreClustersSmaller parameter
00:00:22.27| WARNING: Reducing ignoreClustersSmaller parameter
00:00:22.27| WARNING: Reducing ignoreClustersSmaller parameter
00:00:22.27| INFO: Clustered transforms size: 0
00:00:22.27| INFO: Filtered transforms size: 0
00:00:22.27| INFO: Backbone filtered transforms size: 0
00:00:22.27| INFO: RMSD Clustered transforms size: 0
00:00:22.27| INFO: Scored transforms size: 0
00:00:22.29| INFO: Prossesing patch # 12 out of 35
00:00:22.29| INFO: Start checking distance constraints 4625 transforms
00:00:22.29| INFO: Start clustering 4625 transforms
00:00:22.31| INFO: Clustered transforms size: 55
00:00:22.31| INFO: Filtered transforms size: 23
00:00:22.31| INFO: Backbone filtered transforms size: 18
00:00:22.31| INFO: RMSD Clustered transforms size: 17
00:00:22.35| INFO: Scored transforms size: 2
00:00:22.38| INFO: Prossesing patch # 13 out of 35
00:00:22.38| INFO: Start checking distance constraints 2382 transforms
00:00:22.38| INFO: Start clustering 2382 transforms
00:00:22.39| INFO: Clustered transforms size: 37
00:00:22.39| INFO: Filtered transforms size: 3
00:00:22.39| INFO: Backbone filtered transforms size: 0
00:00:22.39| INFO: RMSD Clustered transforms size: 0
00:00:22.39| INFO: Scored transforms size: 0
00:00:22.42| INFO: Prossesing patch # 14 out of 35
00:00:22.42| INFO: Start checking distance constraints 7116 transforms
00:00:22.42| INFO: Start clustering 7116 transforms
00:00:22.44| INFO: Clustered transforms size: 45
00:00:22.45| INFO: Filtered transforms size: 43
00:00:22.45| INFO: Backbone filtered transforms size: 43
00:00:22.45| INFO: RMSD Clustered transforms size: 34
00:00:22.50| INFO: Scored transforms size: 24
00:00:22.50| INFO: Prossesing patch # 15 out of 35
00:00:22.50| INFO: Start checking distance constraints 0 transforms
00:00:22.50| INFO: Start clustering 0 transforms
00:00:22.50| WARNING: Reducing ignoreClustersSmaller parameter
00:00:22.50| WARNING: Reducing ignoreClustersSmaller parameter
00:00:22.50| WARNING: Reducing ignoreClustersSmaller parameter
00:00:22.50| WARNING: Reducing ignoreClustersSmaller parameter
00:00:22.50| INFO: Clustered transforms size: 0
00:00:22.50| INFO: Filtered transforms size: 0
00:00:22.50| INFO: Backbone filtered transforms size: 0
00:00:22.50| INFO: RMSD Clustered transforms size: 0
00:00:22.50| INFO: Scored transforms size: 0
00:00:22.54| INFO: Prossesing patch # 16 out of 35
00:00:22.54| INFO: Start checking distance constraints 3873 transforms
00:00:22.54| INFO: Start clustering 3873 transforms
00:00:22.55| INFO: Clustered transforms size: 22
00:00:22.55| INFO: Filtered transforms size: 4
00:00:22.55| INFO: Backbone filtered transforms size: 4
00:00:22.55| INFO: RMSD Clustered transforms size: 3
00:00:22.56| INFO: Scored transforms size: 0
00:00:22.60| INFO: Prossesing patch # 17 out of 35
00:00:22.60| INFO: Start checking distance constraints 8121 transforms
00:00:22.60| INFO: Start clustering 8121 transforms
00:00:22.62| INFO: Clustered transforms size: 139
00:00:22.63| INFO: Filtered transforms size: 36
00:00:22.63| INFO: Backbone filtered transforms size: 21
00:00:22.63| INFO: RMSD Clustered transforms size: 21
00:00:22.68| INFO: Scored transforms size: 7
00:00:22.69| INFO: Prossesing patch # 18 out of 35
00:00:22.69| INFO: Start checking distance constraints 61 transforms
00:00:22.69| INFO: Start clustering 61 transforms
00:00:22.69| WARNING: Reducing ignoreClustersSmaller parameter
00:00:22.69| WARNING: Reducing ignoreClustersSmaller parameter
00:00:22.69| INFO: Clustered transforms size: 2
00:00:22.69| INFO: Filtered transforms size: 1
00:00:22.69| INFO: Backbone filtered transforms size: 1
00:00:22.69| INFO: RMSD Clustered transforms size: 1
00:00:22.69| INFO: Scored transforms size: 0
00:00:22.70| INFO: Prossesing patch # 19 out of 35
00:00:22.70| INFO: Start checking distance constraints 67 transforms
00:00:22.70| INFO: Start clustering 67 transforms
00:00:22.70| WARNING: Reducing ignoreClustersSmaller parameter
00:00:22.70| WARNING: Reducing ignoreClustersSmaller parameter
00:00:22.70| INFO: Clustered transforms size: 4
00:00:22.70| INFO: Filtered transforms size: 0
00:00:22.70| INFO: Backbone filtered transforms size: 0
00:00:22.70| INFO: RMSD Clustered transforms size: 0
00:00:22.70| INFO: Scored transforms size: 0
00:00:22.73| INFO: Prossesing patch # 20 out of 35
00:00:22.73| INFO: Start checking distance constraints 9788 transforms
00:00:22.73| INFO: Start clustering 9788 transforms
00:00:22.78| INFO: Clustered transforms size: 170
00:00:22.79| INFO: Filtered transforms size: 140
00:00:22.79| INFO: Backbone filtered transforms size: 134
00:00:22.79| INFO: RMSD Clustered transforms size: 105
00:00:22.96| INFO: Scored transforms size: 58
00:00:22.97| INFO: Prossesing patch # 21 out of 35
00:00:22.97| INFO: Start checking distance constraints 2 transforms
00:00:22.97| INFO: Start clustering 2 transforms
00:00:22.97| WARNING: Reducing ignoreClustersSmaller parameter
00:00:22.97| WARNING: Reducing ignoreClustersSmaller parameter
00:00:22.97| WARNING: Reducing ignoreClustersSmaller parameter
00:00:22.97| INFO: Clustered transforms size: 2
00:00:22.97| INFO: Filtered transforms size: 0
00:00:22.97| INFO: Backbone filtered transforms size: 0
00:00:22.97| INFO: RMSD Clustered transforms size: 0
00:00:22.97| INFO: Scored transforms size: 0
00:00:23.00| INFO: Prossesing patch # 22 out of 35
00:00:23.00| INFO: Start checking distance constraints 6185 transforms
00:00:23.00| INFO: Start clustering 6185 transforms
00:00:23.02| INFO: Clustered transforms size: 21
00:00:23.02| INFO: Filtered transforms size: 21
00:00:23.02| INFO: Backbone filtered transforms size: 21
00:00:23.02| INFO: RMSD Clustered transforms size: 19
00:00:23.04| INFO: Scored transforms size: 18
00:00:23.05| INFO: Prossesing patch # 23 out of 35
00:00:23.05| INFO: Start checking distance constraints 725 transforms
00:00:23.05| INFO: Start clustering 725 transforms
00:00:23.05| INFO: Clustered transforms size: 6
00:00:23.05| INFO: Filtered transforms size: 5
00:00:23.05| INFO: Backbone filtered transforms size: 5
00:00:23.05| INFO: RMSD Clustered transforms size: 5
00:00:23.06| INFO: Scored transforms size: 4
00:00:23.07| INFO: Prossesing patch # 24 out of 35
00:00:23.07| INFO: Start checking distance constraints 0 transforms
00:00:23.07| INFO: Start clustering 0 transforms
00:00:23.07| WARNING: Reducing ignoreClustersSmaller parameter
00:00:23.07| WARNING: Reducing ignoreClustersSmaller parameter
00:00:23.07| WARNING: Reducing ignoreClustersSmaller parameter
00:00:23.07| WARNING: Reducing ignoreClustersSmaller parameter
00:00:23.07| INFO: Clustered transforms size: 0
00:00:23.07| INFO: Filtered transforms size: 0
00:00:23.07| INFO: Backbone filtered transforms size: 0
00:00:23.07| INFO: RMSD Clustered transforms size: 0
00:00:23.07| INFO: Scored transforms size: 0
00:00:23.09| INFO: Prossesing patch # 25 out of 35
00:00:23.09| INFO: Start checking distance constraints 0 transforms
00:00:23.09| INFO: Start clustering 0 transforms
00:00:23.09| WARNING: Reducing ignoreClustersSmaller parameter
00:00:23.09| WARNING: Reducing ignoreClustersSmaller parameter
00:00:23.09| WARNING: Reducing ignoreClustersSmaller parameter
00:00:23.09| WARNING: Reducing ignoreClustersSmaller parameter
00:00:23.09| INFO: Clustered transforms size: 0
00:00:23.09| INFO: Filtered transforms size: 0
00:00:23.09| INFO: Backbone filtered transforms size: 0
00:00:23.09| INFO: RMSD Clustered transforms size: 0
00:00:23.09| INFO: Scored transforms size: 0
00:00:23.10| INFO: Prossesing patch # 26 out of 35
00:00:23.10| INFO: Start checking distance constraints 992 transforms
00:00:23.10| INFO: Start clustering 992 transforms
00:00:23.10| INFO: Clustered transforms size: 9
00:00:23.10| INFO: Filtered transforms size: 9
00:00:23.10| INFO: Backbone filtered transforms size: 9
00:00:23.10| INFO: RMSD Clustered transforms size: 8
00:00:23.12| INFO: Scored transforms size: 6
00:00:23.13| INFO: Prossesing patch # 27 out of 35
00:00:23.13| INFO: Start checking distance constraints 356 transforms
00:00:23.13| INFO: Start clustering 356 transforms
00:00:23.13| INFO: Clustered transforms size: 1
00:00:23.13| INFO: Filtered transforms size: 1
00:00:23.13| INFO: Backbone filtered transforms size: 1
00:00:23.13| INFO: RMSD Clustered transforms size: 1
00:00:23.13| INFO: Scored transforms size: 1
00:00:23.15| INFO: Prossesing patch # 28 out of 35
00:00:23.15| INFO: Start checking distance constraints 112 transforms
00:00:23.15| INFO: Start clustering 112 transforms
00:00:23.15| WARNING: Reducing ignoreClustersSmaller parameter
00:00:23.15| WARNING: Reducing ignoreClustersSmaller parameter
00:00:23.15| INFO: Clustered transforms size: 2
00:00:23.15| INFO: Filtered transforms size: 0
00:00:23.15| INFO: Backbone filtered transforms size: 0
00:00:23.15| INFO: RMSD Clustered transforms size: 0
00:00:23.15| INFO: Scored transforms size: 0
00:00:23.18| INFO: Prossesing patch # 29 out of 35
00:00:23.18| INFO: Start checking distance constraints 10337 transforms
00:00:23.18| INFO: Start clustering 10337 transforms
00:00:23.21| INFO: Clustered transforms size: 66
00:00:23.21| INFO: Filtered transforms size: 28
00:00:23.21| INFO: Backbone filtered transforms size: 28
00:00:23.21| INFO: RMSD Clustered transforms size: 26
00:00:23.27| INFO: Scored transforms size: 14
00:00:23.28| INFO: Prossesing patch # 30 out of 35
00:00:23.28| INFO: Start checking distance constraints 1254 transforms
00:00:23.28| INFO: Start clustering 1254 transforms
00:00:23.28| WARNING: Reducing ignoreClustersSmaller parameter
00:00:23.29| WARNING: Reducing ignoreClustersSmaller parameter
00:00:23.29| INFO: Clustered transforms size: 27
00:00:23.29| INFO: Filtered transforms size: 26
00:00:23.29| INFO: Backbone filtered transforms size: 26
00:00:23.29| INFO: RMSD Clustered transforms size: 26
00:00:23.30| INFO: Scored transforms size: 26
00:00:23.30| INFO: Prossesing patch # 31 out of 35
00:00:23.30| INFO: Start checking distance constraints 0 transforms
00:00:23.30| INFO: Start clustering 0 transforms
00:00:23.30| WARNING: Reducing ignoreClustersSmaller parameter
00:00:23.30| WARNING: Reducing ignoreClustersSmaller parameter
00:00:23.30| WARNING: Reducing ignoreClustersSmaller parameter
00:00:23.30| WARNING: Reducing ignoreClustersSmaller parameter
00:00:23.30| INFO: Clustered transforms size: 0
00:00:23.30| INFO: Filtered transforms size: 0
00:00:23.30| INFO: Backbone filtered transforms size: 0
00:00:23.30| INFO: RMSD Clustered transforms size: 0
00:00:23.30| INFO: Scored transforms size: 0
00:00:23.32| INFO: Prossesing patch # 32 out of 35
00:00:23.32| INFO: Start checking distance constraints 116 transforms
00:00:23.32| INFO: Start clustering 116 transforms
00:00:23.32| WARNING: Reducing ignoreClustersSmaller parameter
00:00:23.32| WARNING: Reducing ignoreClustersSmaller parameter
00:00:23.32| INFO: Clustered transforms size: 4
00:00:23.34| INFO: Filtered transforms size: 3
00:00:23.34| INFO: Backbone filtered transforms size: 3
00:00:23.34| INFO: RMSD Clustered transforms size: 2
00:00:23.34| INFO: Scored transforms size: 0
00:00:23.36| INFO: Prossesing patch # 33 out of 35
00:00:23.36| INFO: Start checking distance constraints 639 transforms
00:00:23.36| INFO: Start clustering 639 transforms
00:00:23.36| INFO: Clustered transforms size: 11
00:00:23.36| INFO: Filtered transforms size: 5
00:00:23.36| INFO: Backbone filtered transforms size: 2
00:00:23.36| INFO: RMSD Clustered transforms size: 1
00:00:23.37| INFO: Scored transforms size: 1
00:00:23.39| INFO: Prossesing patch # 34 out of 35
00:00:23.39| INFO: Start checking distance constraints 11913 transforms
00:00:23.39| INFO: Start clustering 11913 transforms
00:00:23.43| INFO: Clustered transforms size: 97
00:00:23.44| INFO: Filtered transforms size: 79
00:00:23.44| INFO: Backbone filtered transforms size: 78
00:00:23.44| INFO: RMSD Clustered transforms size: 65
00:00:23.54| INFO: Scored transforms size: 50
00:00:23.54| INFO: ProgTime: prog_time: 00:00:14.56
00:00:23.54| INFO: Initial results size: 1908
00:00:23.54| INFO: After removal of low scoring: 1879
00:00:23.55| INFO: Results size after final clustering: 294
00:00:26.15| INFO: Full scored transforms size: 294
00:00:26.15| INFO: After full scoring: 294
00:00:26.18| INFO: Finish docking
