00:00:00.00| INFO: START DOCKING /home/svensken/octathorp/patchdock/1WM1bot.pdb with /home/svensken/octathorp/patchdock/3GZJcap.pdb
00:00:00.00| INFO: Start reading PDB and MS for receptor molecule
00:00:01.44| INFO: ASA of the molecule = 2377.36
00:00:01.44| INFO: Chem molecule: 1624 atoms were read
00:00:01.45| INFO: Hydrogen molecule: 1624 atoms were read
00:00:01.62| INFO: Surface: 71267 surface points were read
00:00:01.62| INFO: Start reading PDB and MS for ligand molecule
00:00:02.11| INFO: ASA of the molecule = 1639.89
00:00:02.11| INFO: Chem molecule: 592 atoms were read
00:00:02.11| INFO: Hydrogen molecule: 592 atoms were read
00:00:02.24| INFO: Surface: 46589 surface points were read
00:00:02.26| INFO: Start building docking surface for receptor molecule
00:00:02.26| INFO: Start building molecule grid and distance function
00:00:05.63| INFO: Start calculating Volume function and Normals for surface points
00:00:05.73| INFO: Shuo surface size = 3574
00:00:05.92| INFO: 3000sp processed
00:00:06.11| INFO: Start calculating Active Site patches
00:00:06.13| INFO: Running segmentation for KNB
00:00:06.36| INFO: Running segmentation for FLT
00:00:06.38| INFO: Running segmentation for HLE
00:00:07.07| INFO: Final # of patches: 40
00:00:07.07| INFO: Final # of patches: 20
00:00:07.07| INFO: Start calculating Geodesical distances
00:00:07.07| INFO: Start building docking surface for ligand molecule
00:00:07.07| INFO: Start building molecule grid and distance function
00:00:08.81| INFO: Start calculating Volume function and Normals for surface points
00:00:08.88| INFO: Shuo surface size = 2148
00:00:09.10| INFO: Start calculating Active Site patches
00:00:09.11| INFO: Running segmentation for KNB
00:00:09.19| INFO: Running segmentation for FLT
00:00:09.21| INFO: Running segmentation for HLE
00:00:09.42| INFO: Final # of patches: 20
00:00:09.42| INFO: Final # of patches: 14
00:00:09.42| INFO: Start calculating Geodesical distances
00:00:09.42| INFO: Start docking
00:00:09.42| INFO: Initializing cluster parameters
00:00:09.42| INFO: Building scoring trees
00:00:09.53| INFO: Running distance constrained matching algorithm
00:00:09.53| INFO: Initializing Matching Data Structure
00:00:09.53| INFO: DCDocking: matchType_ 2
00:00:09.53| INFO: Initializing cluster parameters
00:00:09.53| INFO: Start Preprocessing
00:00:09.60| INFO: Start Docking hole-knob patches
00:00:09.90| INFO: Prossesing patch # 1 out of 20
00:00:09.90| INFO: Start checking distance constraints 204510 transforms
00:00:09.93| INFO: Start clustering 204510 transforms
00:00:10.82| INFO: Clustered transforms size: 5288
00:00:11.19| INFO: Filtered transforms size: 3448
00:00:11.21| INFO: Backbone filtered transforms size: 3247
00:00:11.26| INFO: RMSD Clustered transforms size: 2559
00:00:14.77| INFO: Scored transforms size: 1603
00:00:15.02| INFO: Prossesing patch # 2 out of 20
00:00:15.02| INFO: Start checking distance constraints 112430 transforms
00:00:15.03| INFO: Start clustering 112430 transforms
00:00:15.52| INFO: Clustered transforms size: 2128
00:00:15.64| INFO: Filtered transforms size: 810
00:00:15.64| INFO: Backbone filtered transforms size: 755
00:00:15.64| INFO: RMSD Clustered transforms size: 631
00:00:16.62| INFO: Scored transforms size: 399
00:00:16.67| INFO: Prossesing patch # 3 out of 20
00:00:16.67| INFO: Start checking distance constraints 15095 transforms
00:00:16.68| INFO: Start clustering 15095 transforms
00:00:16.73| INFO: Clustered transforms size: 369
00:00:16.73| INFO: Filtered transforms size: 5
00:00:16.73| INFO: Backbone filtered transforms size: 5
00:00:16.73| INFO: RMSD Clustered transforms size: 5
00:00:16.76| INFO: Scored transforms size: 0
00:00:16.81| INFO: Prossesing patch # 4 out of 20
00:00:16.81| INFO: Start checking distance constraints 19095 transforms
00:00:16.82| INFO: Start clustering 19095 transforms
00:00:16.89| INFO: Clustered transforms size: 223
00:00:16.92| INFO: Filtered transforms size: 111
00:00:16.92| INFO: Backbone filtered transforms size: 95
00:00:16.92| INFO: RMSD Clustered transforms size: 92
00:00:17.09| INFO: Scored transforms size: 35
00:00:17.15| INFO: Prossesing patch # 5 out of 20
00:00:17.15| INFO: Start checking distance constraints 6865 transforms
00:00:17.15| INFO: Start clustering 6865 transforms
00:00:17.18| INFO: Clustered transforms size: 59
00:00:17.19| INFO: Filtered transforms size: 37
00:00:17.19| INFO: Backbone filtered transforms size: 33
00:00:17.19| INFO: RMSD Clustered transforms size: 29
00:00:17.25| INFO: Scored transforms size: 9
00:00:17.30| INFO: Prossesing patch # 6 out of 20
00:00:17.30| INFO: Start checking distance constraints 23518 transforms
00:00:17.30| INFO: Start clustering 23518 transforms
00:00:17.40| INFO: Clustered transforms size: 669
00:00:17.44| INFO: Filtered transforms size: 130
00:00:17.44| INFO: Backbone filtered transforms size: 108
00:00:17.44| INFO: RMSD Clustered transforms size: 80
00:00:17.67| INFO: Scored transforms size: 14
00:00:17.73| INFO: Prossesing patch # 7 out of 20
00:00:17.73| INFO: Start checking distance constraints 13850 transforms
00:00:17.75| INFO: Start clustering 13850 transforms
00:00:17.79| INFO: Clustered transforms size: 188
00:00:17.80| INFO: Filtered transforms size: 106
00:00:17.81| INFO: Backbone filtered transforms size: 104
00:00:17.81| INFO: RMSD Clustered transforms size: 83
00:00:17.98| INFO: Scored transforms size: 34
00:00:18.03| INFO: Prossesing patch # 8 out of 20
00:00:18.03| INFO: Start checking distance constraints 8421 transforms
00:00:18.04| INFO: Start clustering 8421 transforms
00:00:18.05| INFO: Clustered transforms size: 80
00:00:18.06| INFO: Filtered transforms size: 2
00:00:18.06| INFO: Backbone filtered transforms size: 2
00:00:18.06| INFO: RMSD Clustered transforms size: 2
00:00:18.07| INFO: Scored transforms size: 0
00:00:18.14| INFO: Prossesing patch # 9 out of 20
00:00:18.15| INFO: Start checking distance constraints 20454 transforms
00:00:18.15| INFO: Start clustering 20454 transforms
00:00:18.23| INFO: Clustered transforms size: 522
00:00:18.26| INFO: Filtered transforms size: 72
00:00:18.26| INFO: Backbone filtered transforms size: 68
00:00:18.26| INFO: RMSD Clustered transforms size: 51
00:00:18.36| INFO: Scored transforms size: 15
00:00:18.47| INFO: Prossesing patch # 10 out of 20
00:00:18.47| INFO: Start checking distance constraints 77503 transforms
00:00:18.50| INFO: Start clustering 77503 transforms
00:00:18.80| INFO: Clustered transforms size: 1037
00:00:18.87| INFO: Filtered transforms size: 393
00:00:18.87| INFO: Backbone filtered transforms size: 354
00:00:18.87| INFO: RMSD Clustered transforms size: 304
00:00:19.36| INFO: Scored transforms size: 202
00:00:19.45| INFO: Prossesing patch # 11 out of 20
00:00:19.45| INFO: Start checking distance constraints 61844 transforms
00:00:19.46| INFO: Start clustering 61844 transforms
00:00:19.70| INFO: Clustered transforms size: 325
00:00:19.71| INFO: Filtered transforms size: 190
00:00:19.71| INFO: Backbone filtered transforms size: 174
00:00:19.71| INFO: RMSD Clustered transforms size: 162
00:00:20.04| INFO: Scored transforms size: 103
00:00:20.14| INFO: Prossesing patch # 12 out of 20
00:00:20.14| INFO: Start checking distance constraints 56033 transforms
00:00:20.15| INFO: Start clustering 56033 transforms
00:00:20.38| INFO: Clustered transforms size: 1143
00:00:20.45| INFO: Filtered transforms size: 579
00:00:20.46| INFO: Backbone filtered transforms size: 553
00:00:20.46| INFO: RMSD Clustered transforms size: 420
00:00:21.29| INFO: Scored transforms size: 217
00:00:21.37| INFO: Prossesing patch # 13 out of 20
00:00:21.37| INFO: Start checking distance constraints 13085 transforms
00:00:21.37| INFO: Start clustering 13085 transforms
00:00:21.43| INFO: Clustered transforms size: 387
00:00:21.45| INFO: Filtered transforms size: 140
00:00:21.45| INFO: Backbone filtered transforms size: 135
00:00:21.45| INFO: RMSD Clustered transforms size: 100
00:00:21.69| INFO: Scored transforms size: 49
00:00:21.72| INFO: Prossesing patch # 14 out of 20
00:00:21.72| INFO: Start checking distance constraints 5659 transforms
00:00:21.72| INFO: Start clustering 5659 transforms
00:00:21.75| INFO: Clustered transforms size: 163
00:00:21.76| INFO: Filtered transforms size: 41
00:00:21.76| INFO: Backbone filtered transforms size: 35
00:00:21.76| INFO: RMSD Clustered transforms size: 31
00:00:21.84| INFO: Scored transforms size: 4
00:00:21.88| INFO: Prossesing patch # 15 out of 20
00:00:21.88| INFO: Start checking distance constraints 18762 transforms
00:00:21.88| INFO: Start clustering 18762 transforms
00:00:21.96| INFO: Clustered transforms size: 519
00:00:22.00| INFO: Filtered transforms size: 145
00:00:22.00| INFO: Backbone filtered transforms size: 120
00:00:22.00| INFO: RMSD Clustered transforms size: 94
00:00:22.26| INFO: Scored transforms size: 28
00:00:22.37| INFO: Prossesing patch # 16 out of 20
00:00:22.37| INFO: Start checking distance constraints 50928 transforms
00:00:22.37| INFO: Start clustering 50928 transforms
00:00:22.56| INFO: Clustered transforms size: 477
00:00:22.62| INFO: Filtered transforms size: 400
00:00:22.62| INFO: Backbone filtered transforms size: 378
00:00:22.62| INFO: RMSD Clustered transforms size: 318
00:00:23.06| INFO: Scored transforms size: 216
00:00:23.14| INFO: Prossesing patch # 17 out of 20
00:00:23.14| INFO: Start checking distance constraints 32417 transforms
00:00:23.15| INFO: Start clustering 32417 transforms
00:00:23.29| INFO: Clustered transforms size: 1097
00:00:23.31| INFO: Filtered transforms size: 106
00:00:23.31| INFO: Backbone filtered transforms size: 86
00:00:23.31| INFO: RMSD Clustered transforms size: 75
00:00:23.50| INFO: Scored transforms size: 13
00:00:23.54| INFO: Prossesing patch # 18 out of 20
00:00:23.54| INFO: Start checking distance constraints 19266 transforms
00:00:23.55| INFO: Start clustering 19266 transforms
00:00:23.62| INFO: Clustered transforms size: 554
00:00:23.68| INFO: Filtered transforms size: 294
00:00:23.68| INFO: Backbone filtered transforms size: 269
00:00:23.68| INFO: RMSD Clustered transforms size: 200
00:00:24.12| INFO: Scored transforms size: 81
00:00:24.17| INFO: Prossesing patch # 19 out of 20
00:00:24.17| INFO: Start checking distance constraints 21862 transforms
00:00:24.18| INFO: Start clustering 21862 transforms
00:00:24.26| INFO: Clustered transforms size: 206
00:00:24.27| INFO: Filtered transforms size: 93
00:00:24.27| INFO: Backbone filtered transforms size: 86
00:00:24.27| INFO: RMSD Clustered transforms size: 79
00:00:24.43| INFO: Scored transforms size: 50
00:00:24.50| INFO: Prossesing patch # 20 out of 20
00:00:24.50| INFO: Start checking distance constraints 23535 transforms
00:00:24.50| INFO: Start clustering 23535 transforms
00:00:24.60| INFO: Clustered transforms size: 738
00:00:24.64| INFO: Filtered transforms size: 386
00:00:24.64| INFO: Backbone filtered transforms size: 360
00:00:24.64| INFO: RMSD Clustered transforms size: 277
00:00:25.20| INFO: Scored transforms size: 156
00:00:25.20| INFO: Start Docking flat-flat patches
00:00:25.20| INFO: Start Docking knob-hole patches
00:00:27.63| INFO: Prossesing patch # 1 out of 40
00:00:27.63| INFO: Start checking distance constraints 765143 transforms
00:00:27.77| INFO: Start clustering 765143 transforms
00:00:31.56| INFO: Clustered transforms size: 22483
00:00:32.63| INFO: Filtered transforms size: 6887
00:00:32.66| INFO: Backbone filtered transforms size: 6259
00:00:32.75| INFO: RMSD Clustered transforms size: 4430
00:00:41.95| INFO: Scored transforms size: 1808
00:00:41.97| INFO: Prossesing patch # 2 out of 40
00:00:41.97| INFO: Start checking distance constraints 5119 transforms
00:00:41.97| INFO: Start clustering 5119 transforms
00:00:41.99| INFO: Clustered transforms size: 53
00:00:41.99| INFO: Filtered transforms size: 1
00:00:41.99| INFO: Backbone filtered transforms size: 1
00:00:41.99| INFO: RMSD Clustered transforms size: 1
00:00:41.99| INFO: Scored transforms size: 0
00:00:42.02| INFO: Prossesing patch # 3 out of 40
00:00:42.04| INFO: Start checking distance constraints 21890 transforms
00:00:42.04| INFO: Start clustering 21890 transforms
00:00:42.11| INFO: Clustered transforms size: 95
00:00:42.11| INFO: Filtered transforms size: 61
00:00:42.13| INFO: Backbone filtered transforms size: 57
00:00:42.13| INFO: RMSD Clustered transforms size: 49
00:00:42.22| INFO: Scored transforms size: 32
00:00:42.25| INFO: Prossesing patch # 4 out of 40
00:00:42.25| INFO: Start checking distance constraints 15163 transforms
00:00:42.25| INFO: Start clustering 15163 transforms
00:00:42.31| INFO: Clustered transforms size: 162
00:00:42.31| INFO: Filtered transforms size: 74
00:00:42.31| INFO: Backbone filtered transforms size: 72
00:00:42.31| INFO: RMSD Clustered transforms size: 56
00:00:42.45| INFO: Scored transforms size: 28
00:00:42.50| INFO: Prossesing patch # 5 out of 40
00:00:42.52| INFO: Start checking distance constraints 13389 transforms
00:00:42.52| INFO: Start clustering 13389 transforms
00:00:42.54| INFO: Clustered transforms size: 52
00:00:42.56| INFO: Filtered transforms size: 42
00:00:42.56| INFO: Backbone filtered transforms size: 39
00:00:42.56| INFO: RMSD Clustered transforms size: 37
00:00:42.61| INFO: Scored transforms size: 26
00:00:42.63| INFO: Prossesing patch # 6 out of 40
00:00:42.63| INFO: Start checking distance constraints 5492 transforms
00:00:42.63| INFO: Start clustering 5492 transforms
00:00:42.65| INFO: Clustered transforms size: 110
00:00:42.65| INFO: Filtered transforms size: 0
00:00:42.65| INFO: Backbone filtered transforms size: 0
00:00:42.65| INFO: RMSD Clustered transforms size: 0
00:00:42.65| INFO: Scored transforms size: 0
00:00:42.68| INFO: Prossesing patch # 7 out of 40
00:00:42.68| INFO: Start checking distance constraints 9220 transforms
00:00:42.68| INFO: Start clustering 9220 transforms
00:00:42.72| INFO: Clustered transforms size: 189
00:00:42.72| INFO: Filtered transforms size: 47
00:00:42.72| INFO: Backbone filtered transforms size: 39
00:00:42.72| INFO: RMSD Clustered transforms size: 32
00:00:42.81| INFO: Scored transforms size: 4
00:00:42.81| INFO: Prossesing patch # 8 out of 40
00:00:42.83| INFO: Start checking distance constraints 14 transforms
00:00:42.83| INFO: Start clustering 14 transforms
00:00:42.83| WARNING: Reducing ignoreClustersSmaller parameter
00:00:42.83| WARNING: Reducing ignoreClustersSmaller parameter
00:00:42.83| WARNING: Reducing ignoreClustersSmaller parameter
00:00:42.83| INFO: Clustered transforms size: 11
00:00:42.83| INFO: Filtered transforms size: 0
00:00:42.83| INFO: Backbone filtered transforms size: 0
00:00:42.83| INFO: RMSD Clustered transforms size: 0
00:00:42.83| INFO: Scored transforms size: 0
00:00:42.88| INFO: Prossesing patch # 9 out of 40
00:00:42.88| INFO: Start checking distance constraints 13123 transforms
00:00:42.88| INFO: Start clustering 13123 transforms
00:00:42.93| INFO: Clustered transforms size: 324
00:00:42.97| INFO: Filtered transforms size: 220
00:00:42.97| INFO: Backbone filtered transforms size: 209
00:00:42.97| INFO: RMSD Clustered transforms size: 148
00:00:43.27| INFO: Scored transforms size: 99
00:00:43.34| INFO: Prossesing patch # 10 out of 40
00:00:43.34| INFO: Start checking distance constraints 45130 transforms
00:00:43.34| INFO: Start clustering 45130 transforms
00:00:43.52| INFO: Clustered transforms size: 639
00:00:43.54| INFO: Filtered transforms size: 123
00:00:43.54| INFO: Backbone filtered transforms size: 110
00:00:43.56| INFO: RMSD Clustered transforms size: 91
00:00:43.77| INFO: Scored transforms size: 51
00:00:43.79| INFO: Prossesing patch # 11 out of 40
00:00:43.79| INFO: Start checking distance constraints 5316 transforms
00:00:43.79| INFO: Start clustering 5316 transforms
00:00:43.81| INFO: Clustered transforms size: 78
00:00:43.81| INFO: Filtered transforms size: 60
00:00:43.81| INFO: Backbone filtered transforms size: 56
00:00:43.81| INFO: RMSD Clustered transforms size: 45
00:00:43.90| INFO: Scored transforms size: 27
00:00:43.97| INFO: Prossesing patch # 12 out of 40
00:00:43.97| INFO: Start checking distance constraints 15326 transforms
00:00:43.97| INFO: Start clustering 15326 transforms
00:00:44.02| INFO: Clustered transforms size: 341
00:00:44.06| INFO: Filtered transforms size: 266
00:00:44.06| INFO: Backbone filtered transforms size: 266
00:00:44.06| INFO: RMSD Clustered transforms size: 192
00:00:44.45| INFO: Scored transforms size: 103
00:00:44.45| INFO: Prossesing patch # 13 out of 40
00:00:44.45| INFO: Start checking distance constraints 2995 transforms
00:00:44.45| INFO: Start clustering 2995 transforms
00:00:44.47| INFO: Clustered transforms size: 17
00:00:44.47| INFO: Filtered transforms size: 17
00:00:44.47| INFO: Backbone filtered transforms size: 16
00:00:44.47| INFO: RMSD Clustered transforms size: 13
00:00:44.49| INFO: Scored transforms size: 12
00:00:44.56| INFO: Prossesing patch # 14 out of 40
00:00:44.56| INFO: Start checking distance constraints 35449 transforms
00:00:44.56| INFO: Start clustering 35449 transforms
00:00:44.68| INFO: Clustered transforms size: 472
00:00:44.72| INFO: Filtered transforms size: 192
00:00:44.72| INFO: Backbone filtered transforms size: 177
00:00:44.72| INFO: RMSD Clustered transforms size: 149
00:00:44.97| INFO: Scored transforms size: 69
00:00:44.97| INFO: Prossesing patch # 15 out of 40
00:00:44.97| INFO: Start checking distance constraints 774 transforms
00:00:44.97| INFO: Start clustering 774 transforms
00:00:44.97| WARNING: Reducing ignoreClustersSmaller parameter
00:00:44.97| INFO: Clustered transforms size: 3
00:00:44.97| INFO: Filtered transforms size: 0
00:00:44.97| INFO: Backbone filtered transforms size: 0
00:00:44.97| INFO: RMSD Clustered transforms size: 0
00:00:44.97| INFO: Scored transforms size: 0
00:00:44.99| INFO: Prossesing patch # 16 out of 40
00:00:44.99| INFO: Start checking distance constraints 907 transforms
00:00:44.99| INFO: Start clustering 907 transforms
00:00:44.99| WARNING: Reducing ignoreClustersSmaller parameter
00:00:44.99| INFO: Clustered transforms size: 2
00:00:45.00| INFO: Filtered transforms size: 2
00:00:45.00| INFO: Backbone filtered transforms size: 2
00:00:45.00| INFO: RMSD Clustered transforms size: 2
00:00:45.00| INFO: Scored transforms size: 0
00:00:45.00| INFO: Prossesing patch # 17 out of 40
00:00:45.00| INFO: Start checking distance constraints 693 transforms
00:00:45.00| INFO: Start clustering 693 transforms
00:00:45.00| INFO: Clustered transforms size: 2
00:00:45.00| INFO: Filtered transforms size: 2
00:00:45.00| INFO: Backbone filtered transforms size: 2
00:00:45.00| INFO: RMSD Clustered transforms size: 2
00:00:45.02| INFO: Scored transforms size: 1
00:00:45.02| INFO: Prossesing patch # 18 out of 40
00:00:45.04| INFO: Start checking distance constraints 5310 transforms
00:00:45.04| INFO: Start clustering 5310 transforms
00:00:45.04| INFO: Clustered transforms size: 89
00:00:45.06| INFO: Filtered transforms size: 32
00:00:45.06| INFO: Backbone filtered transforms size: 23
00:00:45.06| INFO: RMSD Clustered transforms size: 22
00:00:45.11| INFO: Scored transforms size: 3
00:00:45.13| INFO: Prossesing patch # 19 out of 40
00:00:45.13| INFO: Start checking distance constraints 994 transforms
00:00:45.13| INFO: Start clustering 994 transforms
00:00:45.13| WARNING: Reducing ignoreClustersSmaller parameter
00:00:45.13| INFO: Clustered transforms size: 17
00:00:45.13| INFO: Filtered transforms size: 0
00:00:45.13| INFO: Backbone filtered transforms size: 0
00:00:45.13| INFO: RMSD Clustered transforms size: 0
00:00:45.13| INFO: Scored transforms size: 0
00:00:45.16| INFO: Prossesing patch # 20 out of 40
00:00:45.16| INFO: Start checking distance constraints 14027 transforms
00:00:45.16| INFO: Start clustering 14027 transforms
00:00:45.20| INFO: Clustered transforms size: 50
00:00:45.22| INFO: Filtered transforms size: 41
00:00:45.22| INFO: Backbone filtered transforms size: 38
00:00:45.22| INFO: RMSD Clustered transforms size: 36
00:00:45.27| INFO: Scored transforms size: 18
00:00:45.31| INFO: Prossesing patch # 21 out of 40
00:00:45.33| INFO: Start checking distance constraints 13364 transforms
00:00:45.33| INFO: Start clustering 13364 transforms
00:00:45.36| INFO: Clustered transforms size: 194
00:00:45.38| INFO: Filtered transforms size: 116
00:00:45.38| INFO: Backbone filtered transforms size: 113
00:00:45.38| INFO: RMSD Clustered transforms size: 93
00:00:45.56| INFO: Scored transforms size: 43
00:00:45.58| INFO: Prossesing patch # 22 out of 40
00:00:45.58| INFO: Start checking distance constraints 2906 transforms
00:00:45.58| INFO: Start clustering 2906 transforms
00:00:45.59| INFO: Clustered transforms size: 19
00:00:45.59| INFO: Filtered transforms size: 0
00:00:45.59| INFO: Backbone filtered transforms size: 0
00:00:45.59| INFO: RMSD Clustered transforms size: 0
00:00:45.59| INFO: Scored transforms size: 0
00:00:45.61| INFO: Prossesing patch # 23 out of 40
00:00:45.63| INFO: Start checking distance constraints 2728 transforms
00:00:45.63| INFO: Start clustering 2728 transforms
00:00:45.63| INFO: Clustered transforms size: 2
00:00:45.63| INFO: Filtered transforms size: 0
00:00:45.63| INFO: Backbone filtered transforms size: 0
00:00:45.63| INFO: RMSD Clustered transforms size: 0
00:00:45.63| INFO: Scored transforms size: 0
00:00:45.66| INFO: Prossesing patch # 24 out of 40
00:00:45.66| INFO: Start checking distance constraints 24541 transforms
00:00:45.66| INFO: Start clustering 24541 transforms
00:00:45.77| INFO: Clustered transforms size: 385
00:00:45.79| INFO: Filtered transforms size: 173
00:00:45.79| INFO: Backbone filtered transforms size: 164
00:00:45.79| INFO: RMSD Clustered transforms size: 140
00:00:46.04| INFO: Scored transforms size: 102
00:00:46.06| INFO: Prossesing patch # 25 out of 40
00:00:46.06| INFO: Start checking distance constraints 2599 transforms
00:00:46.06| INFO: Start clustering 2599 transforms
00:00:46.06| INFO: Clustered transforms size: 1
00:00:46.06| INFO: Filtered transforms size: 0
00:00:46.06| INFO: Backbone filtered transforms size: 0
00:00:46.06| INFO: RMSD Clustered transforms size: 0
00:00:46.06| INFO: Scored transforms size: 0
00:00:46.09| INFO: Prossesing patch # 26 out of 40
00:00:46.09| INFO: Start checking distance constraints 3465 transforms
00:00:46.09| INFO: Start clustering 3465 transforms
00:00:46.09| INFO: Clustered transforms size: 10
00:00:46.09| INFO: Filtered transforms size: 0
00:00:46.09| INFO: Backbone filtered transforms size: 0
00:00:46.09| INFO: RMSD Clustered transforms size: 0
00:00:46.09| INFO: Scored transforms size: 0
00:00:46.11| INFO: Prossesing patch # 27 out of 40
00:00:46.11| INFO: Start checking distance constraints 3507 transforms
00:00:46.11| INFO: Start clustering 3507 transforms
00:00:46.11| INFO: Clustered transforms size: 64
00:00:46.13| INFO: Filtered transforms size: 43
00:00:46.13| INFO: Backbone filtered transforms size: 43
00:00:46.13| INFO: RMSD Clustered transforms size: 33
00:00:46.20| INFO: Scored transforms size: 17
00:00:46.24| INFO: Prossesing patch # 28 out of 40
00:00:46.25| INFO: Start checking distance constraints 28530 transforms
00:00:46.25| INFO: Start clustering 28530 transforms
00:00:46.34| INFO: Clustered transforms size: 83
00:00:46.34| INFO: Filtered transforms size: 53
00:00:46.34| INFO: Backbone filtered transforms size: 47
00:00:46.34| INFO: RMSD Clustered transforms size: 43
00:00:46.40| INFO: Scored transforms size: 35
00:00:46.40| INFO: Prossesing patch # 29 out of 40
00:00:46.41| INFO: Start checking distance constraints 1993 transforms
00:00:46.41| INFO: Start clustering 1993 transforms
00:00:46.41| INFO: Clustered transforms size: 4
00:00:46.41| INFO: Filtered transforms size: 4
00:00:46.41| INFO: Backbone filtered transforms size: 4
00:00:46.41| INFO: RMSD Clustered transforms size: 4
00:00:46.43| INFO: Scored transforms size: 2
00:00:46.43| INFO: Prossesing patch # 30 out of 40
00:00:46.43| INFO: Start checking distance constraints 1481 transforms
00:00:46.43| INFO: Start clustering 1481 transforms
00:00:46.45| INFO: Clustered transforms size: 11
00:00:46.45| INFO: Filtered transforms size: 2
00:00:46.45| INFO: Backbone filtered transforms size: 2
00:00:46.45| INFO: RMSD Clustered transforms size: 2
00:00:46.45| INFO: Scored transforms size: 0
00:00:46.47| INFO: Prossesing patch # 31 out of 40
00:00:46.47| INFO: Start checking distance constraints 652 transforms
00:00:46.47| INFO: Start clustering 652 transforms
00:00:46.47| INFO: Clustered transforms size: 1
00:00:46.47| INFO: Filtered transforms size: 1
00:00:46.47| INFO: Backbone filtered transforms size: 1
00:00:46.47| INFO: RMSD Clustered transforms size: 1
00:00:46.47| INFO: Scored transforms size: 0
00:00:46.52| INFO: Prossesing patch # 32 out of 40
00:00:46.52| INFO: Start checking distance constraints 2749 transforms
00:00:46.52| INFO: Start clustering 2749 transforms
00:00:46.52| INFO: Clustered transforms size: 6
00:00:46.52| INFO: Filtered transforms size: 0
00:00:46.52| INFO: Backbone filtered transforms size: 0
00:00:46.52| INFO: RMSD Clustered transforms size: 0
00:00:46.52| INFO: Scored transforms size: 0
00:00:46.52| INFO: Prossesing patch # 33 out of 40
00:00:46.54| INFO: Start checking distance constraints 459 transforms
00:00:46.54| INFO: Start clustering 459 transforms
00:00:46.54| WARNING: Reducing ignoreClustersSmaller parameter
00:00:46.54| WARNING: Reducing ignoreClustersSmaller parameter
00:00:46.54| INFO: Clustered transforms size: 13
00:00:46.54| INFO: Filtered transforms size: 8
00:00:46.54| INFO: Backbone filtered transforms size: 8
00:00:46.54| INFO: RMSD Clustered transforms size: 8
00:00:46.54| INFO: Scored transforms size: 5
00:00:46.59| INFO: Prossesing patch # 34 out of 40
00:00:46.59| INFO: Start checking distance constraints 11138 transforms
00:00:46.59| INFO: Start clustering 11138 transforms
00:00:46.63| INFO: Clustered transforms size: 94
00:00:46.63| INFO: Filtered transforms size: 78
00:00:46.63| INFO: Backbone filtered transforms size: 76
00:00:46.63| INFO: RMSD Clustered transforms size: 60
00:00:46.72| INFO: Scored transforms size: 39
00:00:46.75| INFO: Prossesing patch # 35 out of 40
00:00:46.75| INFO: Start checking distance constraints 6882 transforms
00:00:46.75| INFO: Start clustering 6882 transforms
00:00:46.77| INFO: Clustered transforms size: 46
00:00:46.77| INFO: Filtered transforms size: 37
00:00:46.77| INFO: Backbone filtered transforms size: 33
00:00:46.77| INFO: RMSD Clustered transforms size: 30
00:00:46.83| INFO: Scored transforms size: 15
00:00:46.86| INFO: Prossesing patch # 36 out of 40
00:00:46.86| INFO: Start checking distance constraints 16404 transforms
00:00:46.86| INFO: Start clustering 16404 transforms
00:00:46.93| INFO: Clustered transforms size: 407
00:00:46.95| INFO: Filtered transforms size: 99
00:00:46.95| INFO: Backbone filtered transforms size: 96
00:00:46.95| INFO: RMSD Clustered transforms size: 77
00:00:47.11| INFO: Scored transforms size: 25
00:00:47.13| INFO: Prossesing patch # 37 out of 40
00:00:47.13| INFO: Start checking distance constraints 127 transforms
00:00:47.13| INFO: Start clustering 127 transforms
00:00:47.13| WARNING: Reducing ignoreClustersSmaller parameter
00:00:47.13| WARNING: Reducing ignoreClustersSmaller parameter
00:00:47.13| INFO: Clustered transforms size: 5
00:00:47.13| INFO: Filtered transforms size: 0
00:00:47.13| INFO: Backbone filtered transforms size: 0
00:00:47.13| INFO: RMSD Clustered transforms size: 0
00:00:47.13| INFO: Scored transforms size: 0
00:00:47.13| INFO: Prossesing patch # 38 out of 40
00:00:47.15| INFO: Start checking distance constraints 2036 transforms
00:00:47.15| INFO: Start clustering 2036 transforms
00:00:47.15| INFO: Clustered transforms size: 16
00:00:47.15| INFO: Filtered transforms size: 16
00:00:47.15| INFO: Backbone filtered transforms size: 16
00:00:47.15| INFO: RMSD Clustered transforms size: 12
00:00:47.16| INFO: Scored transforms size: 12
00:00:47.16| INFO: Prossesing patch # 39 out of 40
00:00:47.18| INFO: Start checking distance constraints 2932 transforms
00:00:47.18| INFO: Start clustering 2932 transforms
00:00:47.18| INFO: Clustered transforms size: 3
00:00:47.18| INFO: Filtered transforms size: 1
00:00:47.18| INFO: Backbone filtered transforms size: 1
00:00:47.18| INFO: RMSD Clustered transforms size: 1
00:00:47.18| INFO: Scored transforms size: 0
00:00:47.20| INFO: Prossesing patch # 40 out of 40
00:00:47.20| INFO: Start checking distance constraints 4206 transforms
00:00:47.20| INFO: Start clustering 4206 transforms
00:00:47.20| INFO: Clustered transforms size: 2
00:00:47.20| INFO: Filtered transforms size: 2
00:00:47.20| INFO: Backbone filtered transforms size: 2
00:00:47.20| INFO: RMSD Clustered transforms size: 2
00:00:47.20| INFO: Scored transforms size: 2
00:00:47.20| INFO: ProgTime: prog_time: 00:00:37.59
00:00:47.20| INFO: Initial results size: 5402
00:00:47.20| INFO: After removal of low scoring: 4424
00:00:47.27| INFO: Results size after final clustering: 568
00:00:52.15| INFO: Full scored transforms size: 568
00:00:52.15| INFO: After full scoring: 568
00:00:52.16| INFO: Finish docking
