00:00:00.00| INFO: START DOCKING 3ANSbot.pdb with 3B12cap.pdb
00:00:00.00| INFO: Start reading PDB and MS for receptor molecule
00:00:01.37| INFO: ASA of the molecule = 2431.83
00:00:01.37| INFO: Chem molecule: 1548 atoms were read
00:00:01.38| INFO: Hydrogen molecule: 1548 atoms were read
00:00:01.58| INFO: Surface: 72310 surface points were read
00:00:01.58| INFO: Start reading PDB and MS for ligand molecule
00:00:02.18| INFO: ASA of the molecule = 1728.06
00:00:02.18| INFO: Chem molecule: 716 atoms were read
00:00:02.19| INFO: Hydrogen molecule: 716 atoms were read
00:00:02.30| INFO: Surface: 47790 surface points were read
00:00:02.34| INFO: Start building docking surface for receptor molecule
00:00:02.34| INFO: Start building molecule grid and distance function
00:00:05.61| INFO: Start calculating Volume function and Normals for surface points
00:00:05.71| INFO: Shuo surface size = 3691
00:00:05.90| INFO: 3000sp processed
00:00:06.09| INFO: Start calculating Active Site patches
00:00:06.11| INFO: Running segmentation for KNB
00:00:06.42| INFO: Running segmentation for FLT
00:00:06.44| INFO: Running segmentation for HLE
00:00:06.88| INFO: Final # of patches: 41
00:00:06.88| INFO: Final # of patches: 24
00:00:06.88| INFO: Start calculating Geodesical distances
00:00:06.88| INFO: Start building docking surface for ligand molecule
00:00:06.88| INFO: Start building molecule grid and distance function
00:00:08.78| INFO: Start calculating Volume function and Normals for surface points
00:00:08.85| INFO: Shuo surface size = 2288
00:00:09.10| INFO: Start calculating Active Site patches
00:00:09.10| INFO: Running segmentation for KNB
00:00:09.14| INFO: Running segmentation for FLT
00:00:09.15| INFO: Running segmentation for HLE
00:00:09.43| INFO: Final # of patches: 23
00:00:09.43| INFO: Final # of patches: 13
00:00:09.43| INFO: Start calculating Geodesical distances
00:00:09.43| INFO: Start docking
00:00:09.43| INFO: Initializing cluster parameters
00:00:09.43| INFO: Building scoring trees
00:00:09.56| INFO: Running distance constrained matching algorithm
00:00:09.56| INFO: Initializing Matching Data Structure
00:00:09.56| INFO: DCDocking: matchType_ 2
00:00:09.56| INFO: Initializing cluster parameters
00:00:09.56| INFO: Start Preprocessing
00:00:09.61| INFO: Start Docking hole-knob patches
00:00:09.93| INFO: Prossesing patch # 1 out of 24
00:00:09.93| INFO: Start checking distance constraints 149360 transforms
00:00:09.96| INFO: Start clustering 149360 transforms
00:00:10.56| INFO: Clustered transforms size: 2502
00:00:10.72| INFO: Filtered transforms size: 1135
00:00:10.72| INFO: Backbone filtered transforms size: 974
00:00:10.73| INFO: RMSD Clustered transforms size: 809
00:00:12.21| INFO: Scored transforms size: 301
00:00:12.34| INFO: Prossesing patch # 2 out of 24
00:00:12.34| INFO: Start checking distance constraints 39611 transforms
00:00:12.35| INFO: Start clustering 39611 transforms
00:00:12.50| INFO: Clustered transforms size: 353
00:00:12.51| INFO: Filtered transforms size: 8
00:00:12.51| INFO: Backbone filtered transforms size: 7
00:00:12.51| INFO: RMSD Clustered transforms size: 7
00:00:12.52| INFO: Scored transforms size: 1
00:00:12.71| INFO: Prossesing patch # 3 out of 24
00:00:12.71| INFO: Start checking distance constraints 88888 transforms
00:00:12.72| INFO: Start clustering 88888 transforms
00:00:13.10| INFO: Clustered transforms size: 1390
00:00:13.19| INFO: Filtered transforms size: 572
00:00:13.19| INFO: Backbone filtered transforms size: 427
00:00:13.21| INFO: RMSD Clustered transforms size: 365
00:00:13.90| INFO: Scored transforms size: 112
00:00:14.10| INFO: Prossesing patch # 4 out of 24
00:00:14.10| INFO: Start checking distance constraints 109994 transforms
00:00:14.11| INFO: Start clustering 109994 transforms
00:00:14.59| INFO: Clustered transforms size: 2515
00:00:14.77| INFO: Filtered transforms size: 1357
00:00:14.77| INFO: Backbone filtered transforms size: 1176
00:00:14.80| INFO: RMSD Clustered transforms size: 912
00:00:16.40| INFO: Scored transforms size: 554
00:00:16.48| INFO: Prossesing patch # 5 out of 24
00:00:16.48| INFO: Start checking distance constraints 29311 transforms
00:00:16.50| INFO: Start clustering 29311 transforms
00:00:16.61| INFO: Clustered transforms size: 465
00:00:16.62| INFO: Filtered transforms size: 75
00:00:16.62| INFO: Backbone filtered transforms size: 58
00:00:16.63| INFO: RMSD Clustered transforms size: 42
00:00:16.73| INFO: Scored transforms size: 11
00:00:16.96| INFO: Prossesing patch # 6 out of 24
00:00:16.96| INFO: Start checking distance constraints 130514 transforms
00:00:16.98| INFO: Start clustering 130514 transforms
00:00:17.55| INFO: Clustered transforms size: 2190
00:00:17.71| INFO: Filtered transforms size: 1129
00:00:17.71| INFO: Backbone filtered transforms size: 960
00:00:17.72| INFO: RMSD Clustered transforms size: 818
00:00:19.10| INFO: Scored transforms size: 430
00:00:19.34| INFO: Prossesing patch # 7 out of 24
00:00:19.34| INFO: Start checking distance constraints 149801 transforms
00:00:19.37| INFO: Start clustering 149801 transforms
00:00:20.02| INFO: Clustered transforms size: 2859
00:00:20.21| INFO: Filtered transforms size: 1322
00:00:20.21| INFO: Backbone filtered transforms size: 1098
00:00:20.22| INFO: RMSD Clustered transforms size: 910
00:00:21.90| INFO: Scored transforms size: 417
00:00:22.11| INFO: Prossesing patch # 8 out of 24
00:00:22.11| INFO: Start checking distance constraints 93188 transforms
00:00:22.12| INFO: Start clustering 93188 transforms
00:00:22.53| INFO: Clustered transforms size: 2147
00:00:22.70| INFO: Filtered transforms size: 1168
00:00:22.70| INFO: Backbone filtered transforms size: 941
00:00:22.70| INFO: RMSD Clustered transforms size: 706
00:00:23.92| INFO: Scored transforms size: 265
00:00:23.98| INFO: Prossesing patch # 9 out of 24
00:00:23.98| INFO: Start checking distance constraints 19196 transforms
00:00:23.98| INFO: Start clustering 19196 transforms
00:00:24.05| INFO: Clustered transforms size: 329
00:00:24.06| INFO: Filtered transforms size: 0
00:00:24.06| INFO: Backbone filtered transforms size: 0
00:00:24.06| INFO: RMSD Clustered transforms size: 0
00:00:24.06| INFO: Scored transforms size: 0
00:00:24.12| INFO: Prossesing patch # 10 out of 24
00:00:24.12| INFO: Start checking distance constraints 26508 transforms
00:00:24.12| INFO: Start clustering 26508 transforms
00:00:24.22| INFO: Clustered transforms size: 460
00:00:24.27| INFO: Filtered transforms size: 257
00:00:24.27| INFO: Backbone filtered transforms size: 134
00:00:24.27| INFO: RMSD Clustered transforms size: 110
00:00:24.52| INFO: Scored transforms size: 33
00:00:24.60| INFO: Prossesing patch # 11 out of 24
00:00:24.60| INFO: Start checking distance constraints 25855 transforms
00:00:24.61| INFO: Start clustering 25855 transforms
00:00:24.70| INFO: Clustered transforms size: 513
00:00:24.75| INFO: Filtered transforms size: 219
00:00:24.75| INFO: Backbone filtered transforms size: 205
00:00:24.75| INFO: RMSD Clustered transforms size: 164
00:00:25.13| INFO: Scored transforms size: 34
00:00:25.23| INFO: Prossesing patch # 12 out of 24
00:00:25.23| INFO: Start checking distance constraints 30911 transforms
00:00:25.23| INFO: Start clustering 30911 transforms
00:00:25.36| INFO: Clustered transforms size: 791
00:00:25.39| INFO: Filtered transforms size: 141
00:00:25.39| INFO: Backbone filtered transforms size: 129
00:00:25.39| INFO: RMSD Clustered transforms size: 94
00:00:25.64| INFO: Scored transforms size: 30
00:00:25.79| INFO: Prossesing patch # 13 out of 24
00:00:25.79| INFO: Start checking distance constraints 75133 transforms
00:00:25.79| INFO: Start clustering 75133 transforms
00:00:26.12| INFO: Clustered transforms size: 1445
00:00:26.23| INFO: Filtered transforms size: 774
00:00:26.23| INFO: Backbone filtered transforms size: 715
00:00:26.25| INFO: RMSD Clustered transforms size: 571
00:00:27.34| INFO: Scored transforms size: 214
00:00:27.45| INFO: Prossesing patch # 14 out of 24
00:00:27.45| INFO: Start checking distance constraints 63559 transforms
00:00:27.45| INFO: Start clustering 63559 transforms
00:00:27.68| INFO: Clustered transforms size: 421
00:00:27.70| INFO: Filtered transforms size: 180
00:00:27.70| INFO: Backbone filtered transforms size: 164
00:00:27.70| INFO: RMSD Clustered transforms size: 150
00:00:27.96| INFO: Scored transforms size: 103
00:00:28.04| INFO: Prossesing patch # 15 out of 24
00:00:28.04| INFO: Start checking distance constraints 38953 transforms
00:00:28.05| INFO: Start clustering 38953 transforms
00:00:28.21| INFO: Clustered transforms size: 863
00:00:28.27| INFO: Filtered transforms size: 292
00:00:28.28| INFO: Backbone filtered transforms size: 230
00:00:28.28| INFO: RMSD Clustered transforms size: 186
00:00:28.70| INFO: Scored transforms size: 85
00:00:28.75| INFO: Prossesing patch # 16 out of 24
00:00:28.75| INFO: Start checking distance constraints 19276 transforms
00:00:28.75| INFO: Start clustering 19276 transforms
00:00:28.82| INFO: Clustered transforms size: 360
00:00:28.84| INFO: Filtered transforms size: 12
00:00:28.84| INFO: Backbone filtered transforms size: 11
00:00:28.84| INFO: RMSD Clustered transforms size: 7
00:00:28.85| INFO: Scored transforms size: 2
00:00:28.95| INFO: Prossesing patch # 17 out of 24
00:00:28.95| INFO: Start checking distance constraints 58941 transforms
00:00:28.95| INFO: Start clustering 58941 transforms
00:00:29.22| INFO: Clustered transforms size: 1540
00:00:29.32| INFO: Filtered transforms size: 609
00:00:29.32| INFO: Backbone filtered transforms size: 541
00:00:29.34| INFO: RMSD Clustered transforms size: 425
00:00:30.22| INFO: Scored transforms size: 206
00:00:30.30| INFO: Prossesing patch # 18 out of 24
00:00:30.30| INFO: Start checking distance constraints 37918 transforms
00:00:30.31| INFO: Start clustering 37918 transforms
00:00:30.46| INFO: Clustered transforms size: 733
00:00:30.53| INFO: Filtered transforms size: 375
00:00:30.53| INFO: Backbone filtered transforms size: 296
00:00:30.54| INFO: RMSD Clustered transforms size: 245
00:00:31.07| INFO: Scored transforms size: 114
00:00:31.13| INFO: Prossesing patch # 19 out of 24
00:00:31.13| INFO: Start checking distance constraints 16402 transforms
00:00:31.14| INFO: Start clustering 16402 transforms
00:00:31.20| INFO: Clustered transforms size: 265
00:00:31.22| INFO: Filtered transforms size: 78
00:00:31.22| INFO: Backbone filtered transforms size: 60
00:00:31.22| INFO: RMSD Clustered transforms size: 53
00:00:31.32| INFO: Scored transforms size: 7
00:00:31.36| INFO: Prossesing patch # 20 out of 24
00:00:31.36| INFO: Start checking distance constraints 10877 transforms
00:00:31.36| INFO: Start clustering 10877 transforms
00:00:31.39| INFO: Clustered transforms size: 64
00:00:31.39| INFO: Filtered transforms size: 9
00:00:31.39| INFO: Backbone filtered transforms size: 9
00:00:31.39| INFO: RMSD Clustered transforms size: 9
00:00:31.42| INFO: Scored transforms size: 0
00:00:31.47| INFO: Prossesing patch # 21 out of 24
00:00:31.47| INFO: Start checking distance constraints 22599 transforms
00:00:31.47| INFO: Start clustering 22599 transforms
00:00:31.55| INFO: Clustered transforms size: 282
00:00:31.57| INFO: Filtered transforms size: 124
00:00:31.59| INFO: Backbone filtered transforms size: 109
00:00:31.59| INFO: RMSD Clustered transforms size: 101
00:00:31.77| INFO: Scored transforms size: 43
00:00:31.81| INFO: Prossesing patch # 22 out of 24
00:00:31.81| INFO: Start checking distance constraints 27101 transforms
00:00:31.82| INFO: Start clustering 27101 transforms
00:00:31.93| INFO: Clustered transforms size: 84
00:00:31.94| INFO: Filtered transforms size: 36
00:00:31.94| INFO: Backbone filtered transforms size: 28
00:00:31.94| INFO: RMSD Clustered transforms size: 25
00:00:32.00| INFO: Scored transforms size: 12
00:00:32.00| INFO: Prossesing patch # 23 out of 24
00:00:32.00| INFO: Start checking distance constraints 3731 transforms
00:00:32.00| INFO: Start clustering 3731 transforms
00:00:32.00| INFO: Clustered transforms size: 10
00:00:32.02| INFO: Filtered transforms size: 0
00:00:32.02| INFO: Backbone filtered transforms size: 0
00:00:32.02| INFO: RMSD Clustered transforms size: 0
00:00:32.02| INFO: Scored transforms size: 0
00:00:32.04| INFO: Prossesing patch # 24 out of 24
00:00:32.04| INFO: Start checking distance constraints 14114 transforms
00:00:32.04| INFO: Start clustering 14114 transforms
00:00:32.11| INFO: Clustered transforms size: 118
00:00:32.11| INFO: Filtered transforms size: 16
00:00:32.11| INFO: Backbone filtered transforms size: 16
00:00:32.11| INFO: RMSD Clustered transforms size: 15
00:00:32.15| INFO: Scored transforms size: 4
00:00:32.15| INFO: Start Docking flat-flat patches
00:00:32.15| INFO: Start Docking knob-hole patches
00:00:34.43| INFO: Prossesing patch # 1 out of 41
00:00:34.43| INFO: Start checking distance constraints 848355 transforms
00:00:34.56| INFO: Start clustering 848354 transforms
00:00:38.91| INFO: Clustered transforms size: 22358
00:00:40.13| INFO: Filtered transforms size: 6522
00:00:40.16| INFO: Backbone filtered transforms size: 5220
00:00:40.24| INFO: RMSD Clustered transforms size: 3975
00:00:49.13| INFO: Scored transforms size: 1290
00:00:49.16| INFO: Prossesing patch # 2 out of 41
00:00:49.16| INFO: Start checking distance constraints 11208 transforms
00:00:49.16| INFO: Start clustering 11208 transforms
00:00:49.20| INFO: Clustered transforms size: 119
00:00:49.22| INFO: Filtered transforms size: 30
00:00:49.22| INFO: Backbone filtered transforms size: 22
00:00:49.22| INFO: RMSD Clustered transforms size: 21
00:00:49.27| INFO: Scored transforms size: 1
00:00:49.29| INFO: Prossesing patch # 3 out of 41
00:00:49.29| INFO: Start checking distance constraints 14434 transforms
00:00:49.29| INFO: Start clustering 14434 transforms
00:00:49.34| INFO: Clustered transforms size: 122
00:00:49.36| INFO: Filtered transforms size: 54
00:00:49.36| INFO: Backbone filtered transforms size: 47
00:00:49.36| INFO: RMSD Clustered transforms size: 42
00:00:49.45| INFO: Scored transforms size: 21
00:00:49.45| INFO: Prossesing patch # 4 out of 41
00:00:49.45| INFO: Start checking distance constraints 9227 transforms
00:00:49.47| INFO: Start clustering 9227 transforms
00:00:49.49| INFO: Clustered transforms size: 157
00:00:49.50| INFO: Filtered transforms size: 11
00:00:49.50| INFO: Backbone filtered transforms size: 10
00:00:49.50| INFO: RMSD Clustered transforms size: 8
00:00:49.52| INFO: Scored transforms size: 0
00:00:49.54| INFO: Prossesing patch # 5 out of 41
00:00:49.54| INFO: Start checking distance constraints 4550 transforms
00:00:49.54| INFO: Start clustering 4550 transforms
00:00:49.54| INFO: Clustered transforms size: 11
00:00:49.54| INFO: Filtered transforms size: 1
00:00:49.56| INFO: Backbone filtered transforms size: 1
00:00:49.56| INFO: RMSD Clustered transforms size: 1
00:00:49.56| INFO: Scored transforms size: 0
00:00:49.59| INFO: Prossesing patch # 6 out of 41
00:00:49.59| INFO: Start checking distance constraints 18394 transforms
00:00:49.59| INFO: Start clustering 18394 transforms
00:00:49.65| INFO: Clustered transforms size: 338
00:00:49.68| INFO: Filtered transforms size: 108
00:00:49.68| INFO: Backbone filtered transforms size: 95
00:00:49.68| INFO: RMSD Clustered transforms size: 80
00:00:49.86| INFO: Scored transforms size: 30
00:00:49.88| INFO: Prossesing patch # 7 out of 41
00:00:49.88| INFO: Start checking distance constraints 6966 transforms
00:00:49.88| INFO: Start clustering 6966 transforms
00:00:49.90| INFO: Clustered transforms size: 35
00:00:49.90| INFO: Filtered transforms size: 2
00:00:49.90| INFO: Backbone filtered transforms size: 2
00:00:49.90| INFO: RMSD Clustered transforms size: 2
00:00:49.91| INFO: Scored transforms size: 1
00:00:49.93| INFO: Prossesing patch # 8 out of 41
00:00:49.93| INFO: Start checking distance constraints 6928 transforms
00:00:49.93| INFO: Start clustering 6928 transforms
00:00:49.95| INFO: Clustered transforms size: 121
00:00:49.97| INFO: Filtered transforms size: 39
00:00:49.97| INFO: Backbone filtered transforms size: 37
00:00:49.97| INFO: RMSD Clustered transforms size: 32
00:00:50.04| INFO: Scored transforms size: 3
00:00:50.06| INFO: Prossesing patch # 9 out of 41
00:00:50.06| INFO: Start checking distance constraints 3519 transforms
00:00:50.06| INFO: Start clustering 3519 transforms
00:00:50.08| INFO: Clustered transforms size: 4
00:00:50.08| INFO: Filtered transforms size: 0
00:00:50.08| INFO: Backbone filtered transforms size: 0
00:00:50.08| INFO: RMSD Clustered transforms size: 0
00:00:50.08| INFO: Scored transforms size: 0
00:00:50.09| INFO: Prossesing patch # 10 out of 41
00:00:50.09| INFO: Start checking distance constraints 8187 transforms
00:00:50.09| INFO: Start clustering 8187 transforms
00:00:50.13| INFO: Clustered transforms size: 132
00:00:50.13| INFO: Filtered transforms size: 59
00:00:50.13| INFO: Backbone filtered transforms size: 46
00:00:50.13| INFO: RMSD Clustered transforms size: 38
00:00:50.24| INFO: Scored transforms size: 16
00:00:50.25| INFO: Prossesing patch # 11 out of 41
00:00:50.25| INFO: Start checking distance constraints 1249 transforms
00:00:50.25| INFO: Start clustering 1249 transforms
00:00:50.25| WARNING: Reducing ignoreClustersSmaller parameter
00:00:50.25| INFO: Clustered transforms size: 15
00:00:50.25| INFO: Filtered transforms size: 1
00:00:50.25| INFO: Backbone filtered transforms size: 1
00:00:50.25| INFO: RMSD Clustered transforms size: 1
00:00:50.25| INFO: Scored transforms size: 0
00:00:50.29| INFO: Prossesing patch # 12 out of 41
00:00:50.29| INFO: Start checking distance constraints 11300 transforms
00:00:50.29| INFO: Start clustering 11300 transforms
00:00:50.33| INFO: Clustered transforms size: 53
00:00:50.33| INFO: Filtered transforms size: 20
00:00:50.33| INFO: Backbone filtered transforms size: 17
00:00:50.33| INFO: RMSD Clustered transforms size: 16
00:00:50.36| INFO: Scored transforms size: 7
00:00:50.40| INFO: Prossesing patch # 13 out of 41
00:00:50.40| INFO: Start checking distance constraints 18136 transforms
00:00:50.40| INFO: Start clustering 18136 transforms
00:00:50.47| INFO: Clustered transforms size: 140
00:00:50.47| INFO: Filtered transforms size: 40
00:00:50.47| INFO: Backbone filtered transforms size: 15
00:00:50.47| INFO: RMSD Clustered transforms size: 15
00:00:50.50| INFO: Scored transforms size: 5
00:00:50.58| INFO: Prossesing patch # 14 out of 41
00:00:50.58| INFO: Start checking distance constraints 26516 transforms
00:00:50.58| INFO: Start clustering 26516 transforms
00:00:50.66| INFO: Clustered transforms size: 252
00:00:50.68| INFO: Filtered transforms size: 78
00:00:50.68| INFO: Backbone filtered transforms size: 72
00:00:50.68| INFO: RMSD Clustered transforms size: 63
00:00:50.81| INFO: Scored transforms size: 34
00:00:50.84| INFO: Prossesing patch # 15 out of 41
00:00:50.84| INFO: Start checking distance constraints 9729 transforms
00:00:50.84| INFO: Start clustering 9729 transforms
00:00:50.86| INFO: Clustered transforms size: 84
00:00:50.88| INFO: Filtered transforms size: 0
00:00:50.88| INFO: Backbone filtered transforms size: 0
00:00:50.88| INFO: RMSD Clustered transforms size: 0
00:00:50.88| INFO: Scored transforms size: 0
00:00:50.90| INFO: Prossesing patch # 16 out of 41
00:00:50.90| INFO: Start checking distance constraints 15280 transforms
00:00:50.91| INFO: Start clustering 15280 transforms
00:00:50.97| INFO: Clustered transforms size: 384
00:00:50.97| INFO: Filtered transforms size: 3
00:00:50.97| INFO: Backbone filtered transforms size: 3
00:00:50.97| INFO: RMSD Clustered transforms size: 3
00:00:50.99| INFO: Scored transforms size: 0
00:00:51.02| INFO: Prossesing patch # 17 out of 41
00:00:51.02| INFO: Start checking distance constraints 17047 transforms
00:00:51.02| INFO: Start clustering 17047 transforms
00:00:51.09| INFO: Clustered transforms size: 157
00:00:51.09| INFO: Filtered transforms size: 83
00:00:51.09| INFO: Backbone filtered transforms size: 74
00:00:51.09| INFO: RMSD Clustered transforms size: 65
00:00:51.22| INFO: Scored transforms size: 40
00:00:51.27| INFO: Prossesing patch # 18 out of 41
00:00:51.27| INFO: Start checking distance constraints 12807 transforms
00:00:51.27| INFO: Start clustering 12807 transforms
00:00:51.31| INFO: Clustered transforms size: 190
00:00:51.31| INFO: Filtered transforms size: 26
00:00:51.31| INFO: Backbone filtered transforms size: 26
00:00:51.31| INFO: RMSD Clustered transforms size: 24
00:00:51.38| INFO: Scored transforms size: 1
00:00:51.38| INFO: Prossesing patch # 19 out of 41
00:00:51.38| INFO: Start checking distance constraints 1730 transforms
00:00:51.38| INFO: Start clustering 1730 transforms
00:00:51.38| WARNING: Reducing ignoreClustersSmaller parameter
00:00:51.38| INFO: Clustered transforms size: 3
00:00:51.38| INFO: Filtered transforms size: 3
00:00:51.38| INFO: Backbone filtered transforms size: 3
00:00:51.38| INFO: RMSD Clustered transforms size: 3
00:00:51.40| INFO: Scored transforms size: 0
00:00:51.45| INFO: Prossesing patch # 20 out of 41
00:00:51.45| INFO: Start checking distance constraints 30537 transforms
00:00:51.45| INFO: Start clustering 30537 transforms
00:00:51.56| INFO: Clustered transforms size: 718
00:00:51.61| INFO: Filtered transforms size: 238
00:00:51.61| INFO: Backbone filtered transforms size: 179
00:00:51.61| INFO: RMSD Clustered transforms size: 135
00:00:51.95| INFO: Scored transforms size: 52
00:00:51.99| INFO: Prossesing patch # 21 out of 41
00:00:51.99| INFO: Start checking distance constraints 14864 transforms
00:00:51.99| INFO: Start clustering 14864 transforms
00:00:52.04| INFO: Clustered transforms size: 423
00:00:52.06| INFO: Filtered transforms size: 120
00:00:52.06| INFO: Backbone filtered transforms size: 105
00:00:52.06| INFO: RMSD Clustered transforms size: 75
00:00:52.25| INFO: Scored transforms size: 33
00:00:52.34| INFO: Prossesing patch # 22 out of 41
00:00:52.34| INFO: Start checking distance constraints 45261 transforms
00:00:52.34| INFO: Start clustering 45261 transforms
00:00:52.52| INFO: Clustered transforms size: 838
00:00:52.59| INFO: Filtered transforms size: 356
00:00:52.59| INFO: Backbone filtered transforms size: 261
00:00:52.59| INFO: RMSD Clustered transforms size: 199
00:00:53.02| INFO: Scored transforms size: 91
00:00:53.09| INFO: Prossesing patch # 23 out of 41
00:00:53.09| INFO: Start checking distance constraints 31619 transforms
00:00:53.11| INFO: Start clustering 31619 transforms
00:00:53.22| INFO: Clustered transforms size: 567
00:00:53.24| INFO: Filtered transforms size: 70
00:00:53.24| INFO: Backbone filtered transforms size: 63
00:00:53.24| INFO: RMSD Clustered transforms size: 59
00:00:53.36| INFO: Scored transforms size: 21
00:00:53.40| INFO: Prossesing patch # 24 out of 41
00:00:53.40| INFO: Start checking distance constraints 19459 transforms
00:00:53.40| INFO: Start clustering 19459 transforms
00:00:53.47| INFO: Clustered transforms size: 474
00:00:53.50| INFO: Filtered transforms size: 203
00:00:53.52| INFO: Backbone filtered transforms size: 173
00:00:53.52| INFO: RMSD Clustered transforms size: 121
00:00:53.81| INFO: Scored transforms size: 25
00:00:53.83| INFO: Prossesing patch # 25 out of 41
00:00:53.83| INFO: Start checking distance constraints 9159 transforms
00:00:53.84| INFO: Start clustering 9159 transforms
00:00:53.86| INFO: Clustered transforms size: 38
00:00:53.86| INFO: Filtered transforms size: 8
00:00:53.86| INFO: Backbone filtered transforms size: 3
00:00:53.86| INFO: RMSD Clustered transforms size: 3
00:00:53.86| INFO: Scored transforms size: 0
00:00:53.88| INFO: Prossesing patch # 26 out of 41
00:00:53.88| INFO: Start checking distance constraints 4831 transforms
00:00:53.88| INFO: Start clustering 4831 transforms
00:00:53.90| INFO: Clustered transforms size: 12
00:00:53.90| INFO: Filtered transforms size: 3
00:00:53.90| INFO: Backbone filtered transforms size: 3
00:00:53.90| INFO: RMSD Clustered transforms size: 3
00:00:53.91| INFO: Scored transforms size: 0
00:00:53.95| INFO: Prossesing patch # 27 out of 41
00:00:53.95| INFO: Start checking distance constraints 21990 transforms
00:00:53.97| INFO: Start clustering 21990 transforms
00:00:54.04| INFO: Clustered transforms size: 594
00:00:54.09| INFO: Filtered transforms size: 308
00:00:54.11| INFO: Backbone filtered transforms size: 151
00:00:54.11| INFO: RMSD Clustered transforms size: 114
00:00:54.34| INFO: Scored transforms size: 24
00:00:54.36| INFO: Prossesing patch # 28 out of 41
00:00:54.36| INFO: Start checking distance constraints 5597 transforms
00:00:54.36| INFO: Start clustering 5597 transforms
00:00:54.38| INFO: Clustered transforms size: 10
00:00:54.38| INFO: Filtered transforms size: 5
00:00:54.38| INFO: Backbone filtered transforms size: 3
00:00:54.38| INFO: RMSD Clustered transforms size: 3
00:00:54.38| INFO: Scored transforms size: 3
00:00:54.40| INFO: Prossesing patch # 29 out of 41
00:00:54.40| INFO: Start checking distance constraints 10573 transforms
00:00:54.40| INFO: Start clustering 10573 transforms
00:00:54.45| INFO: Clustered transforms size: 218
00:00:54.47| INFO: Filtered transforms size: 188
00:00:54.47| INFO: Backbone filtered transforms size: 152
00:00:54.47| INFO: RMSD Clustered transforms size: 112
00:00:54.68| INFO: Scored transforms size: 44
00:00:54.72| INFO: Prossesing patch # 30 out of 41
00:00:54.72| INFO: Start checking distance constraints 7758 transforms
00:00:54.72| INFO: Start clustering 7758 transforms
00:00:54.72| INFO: Clustered transforms size: 2
00:00:54.72| INFO: Filtered transforms size: 0
00:00:54.72| INFO: Backbone filtered transforms size: 0
00:00:54.72| INFO: RMSD Clustered transforms size: 0
00:00:54.72| INFO: Scored transforms size: 0
00:00:54.74| INFO: Prossesing patch # 31 out of 41
00:00:54.74| INFO: Start checking distance constraints 1429 transforms
00:00:54.74| INFO: Start clustering 1429 transforms
00:00:54.74| INFO: Clustered transforms size: 1
00:00:54.74| INFO: Filtered transforms size: 1
00:00:54.74| INFO: Backbone filtered transforms size: 1
00:00:54.74| INFO: RMSD Clustered transforms size: 1
00:00:54.75| INFO: Scored transforms size: 0
00:00:54.79| INFO: Prossesing patch # 32 out of 41
00:00:54.79| INFO: Start checking distance constraints 21574 transforms
00:00:54.79| INFO: Start clustering 21574 transforms
00:00:54.86| INFO: Clustered transforms size: 513
00:00:54.90| INFO: Filtered transforms size: 135
00:00:54.90| INFO: Backbone filtered transforms size: 98
00:00:54.90| INFO: RMSD Clustered transforms size: 77
00:00:55.06| INFO: Scored transforms size: 13
00:00:55.09| INFO: Prossesing patch # 33 out of 41
00:00:55.09| INFO: Start checking distance constraints 15631 transforms
00:00:55.09| INFO: Start clustering 15631 transforms
00:00:55.15| INFO: Clustered transforms size: 200
00:00:55.16| INFO: Filtered transforms size: 65
00:00:55.16| INFO: Backbone filtered transforms size: 29
00:00:55.16| INFO: RMSD Clustered transforms size: 26
00:00:55.22| INFO: Scored transforms size: 10
00:00:55.24| INFO: Prossesing patch # 34 out of 41
00:00:55.24| INFO: Start checking distance constraints 4090 transforms
00:00:55.24| INFO: Start clustering 4090 transforms
00:00:55.25| INFO: Clustered transforms size: 44
00:00:55.25| INFO: Filtered transforms size: 6
00:00:55.25| INFO: Backbone filtered transforms size: 6
00:00:55.25| INFO: RMSD Clustered transforms size: 5
00:00:55.27| INFO: Scored transforms size: 3
00:00:55.29| INFO: Prossesing patch # 35 out of 41
00:00:55.29| INFO: Start checking distance constraints 8103 transforms
00:00:55.29| INFO: Start clustering 8103 transforms
00:00:55.31| INFO: Clustered transforms size: 133
00:00:55.33| INFO: Filtered transforms size: 66
00:00:55.33| INFO: Backbone filtered transforms size: 65
00:00:55.33| INFO: RMSD Clustered transforms size: 54
00:00:55.43| INFO: Scored transforms size: 21
00:00:55.45| INFO: Prossesing patch # 36 out of 41
00:00:55.45| INFO: Start checking distance constraints 2143 transforms
00:00:55.45| INFO: Start clustering 2143 transforms
00:00:55.47| INFO: Clustered transforms size: 62
00:00:55.47| INFO: Filtered transforms size: 1
00:00:55.47| INFO: Backbone filtered transforms size: 1
00:00:55.47| INFO: RMSD Clustered transforms size: 1
00:00:55.47| INFO: Scored transforms size: 0
00:00:55.50| INFO: Prossesing patch # 37 out of 41
00:00:55.50| INFO: Start checking distance constraints 15125 transforms
00:00:55.50| INFO: Start clustering 15125 transforms
00:00:55.56| INFO: Clustered transforms size: 103
00:00:55.56| INFO: Filtered transforms size: 20
00:00:55.56| INFO: Backbone filtered transforms size: 20
00:00:55.56| INFO: RMSD Clustered transforms size: 20
00:00:55.59| INFO: Scored transforms size: 16
00:00:55.63| INFO: Prossesing patch # 38 out of 41
00:00:55.63| INFO: Start checking distance constraints 14747 transforms
00:00:55.63| INFO: Start clustering 14747 transforms
00:00:55.68| INFO: Clustered transforms size: 426
00:00:55.72| INFO: Filtered transforms size: 255
00:00:55.72| INFO: Backbone filtered transforms size: 224
00:00:55.72| INFO: RMSD Clustered transforms size: 156
00:00:56.06| INFO: Scored transforms size: 67
00:00:56.09| INFO: Prossesing patch # 39 out of 41
00:00:56.09| INFO: Start checking distance constraints 4898 transforms
00:00:56.09| INFO: Start clustering 4898 transforms
00:00:56.11| INFO: Clustered transforms size: 27
00:00:56.11| INFO: Filtered transforms size: 22
00:00:56.11| INFO: Backbone filtered transforms size: 21
00:00:56.11| INFO: RMSD Clustered transforms size: 19
00:00:56.15| INFO: Scored transforms size: 9
00:00:56.16| INFO: Prossesing patch # 40 out of 41
00:00:56.16| INFO: Start checking distance constraints 3934 transforms
00:00:56.16| INFO: Start clustering 3934 transforms
00:00:56.18| INFO: Clustered transforms size: 87
00:00:56.18| INFO: Filtered transforms size: 78
00:00:56.18| INFO: Backbone filtered transforms size: 77
00:00:56.18| INFO: RMSD Clustered transforms size: 53
00:00:56.27| INFO: Scored transforms size: 13
00:00:56.31| INFO: Prossesing patch # 41 out of 41
00:00:56.31| INFO: Start checking distance constraints 22099 transforms
00:00:56.31| INFO: Start clustering 22099 transforms
00:00:56.40| INFO: Clustered transforms size: 450
00:00:56.41| INFO: Filtered transforms size: 60
00:00:56.41| INFO: Backbone filtered transforms size: 38
00:00:56.41| INFO: RMSD Clustered transforms size: 33
00:00:56.49| INFO: Scored transforms size: 6
00:00:56.49| INFO: ProgTime: prog_time: 00:00:46.86
00:00:56.49| INFO: Initial results size: 4684
00:00:56.49| INFO: After removal of low scoring: 4190
00:00:56.56| INFO: Results size after final clustering: 791
00:01:03.45| INFO: Full scored transforms size: 789
00:01:03.45| INFO: After full scoring: 789
00:01:03.45| INFO: Finish docking
